The target system is: Android - 1 - armv7-a
The host system is: Darwin - 19.6.0 - x86_64
Determining if the C compiler works passed with the following output:
Change Dir: /Users/chaoranli/AndroidStudioProjects/fuzzer/app/.cxx/cmake/debug/armeabi-v7a/CMakeFiles/CMakeTmp

Run Build Command:"/Users/chaoranli/Library/Android/sdk/cmake/3.10.2.4988404/bin/ninja" "cmTC_4979c"
[1/2] Building C object CMakeFiles/cmTC_4979c.dir/testCCompiler.c.o
[2/2] Linking C executable cmTC_4979c


Detecting C compiler ABI info compiled with the following output:
Change Dir: /Users/chaoranli/AndroidStudioProjects/fuzzer/app/.cxx/cmake/debug/armeabi-v7a/CMakeFiles/CMakeTmp

Run Build Command:"/Users/chaoranli/Library/Android/sdk/cmake/3.10.2.4988404/bin/ninja" "cmTC_f9a58"
[1/2] Building C object CMakeFiles/cmTC_f9a58.dir/CMakeCCompilerABI.c.o
[2/2] Linking C executable cmTC_f9a58
Android (8075178, based on r437112b) clang version 14.0.1 (https://android.googlesource.com/toolchain/llvm-project 8671348b81b95fc603505dfc881b45103bee1731)
Target: armv7-none-linux-android29
Thread model: posix
InstalledDir: /Users/chaoranli/Library/Android/sdk/ndk/24.0.8215888/toolchains/llvm/prebuilt/darwin-x86_64/bin
 "/Users/chaoranli/Library/Android/sdk/ndk/24.0.8215888/toolchains/llvm/prebuilt/darwin-x86_64/bin/ld" --sysroot=/Users/chaoranli/Library/Android/sdk/ndk/24.0.8215888/toolchains/llvm/prebuilt/darwin-x86_64/sysroot -pie -z noexecstack -EL --warn-shared-textrel -z now -z relro -z max-page-size=4096 -X --hash-style=gnu --enable-new-dtags --eh-frame-hdr -m armelf_linux_eabi -dynamic-linker /system/bin/linker -o cmTC_f9a58 /Users/chaoranli/Library/Android/sdk/ndk/24.0.8215888/toolchains/llvm/prebuilt/darwin-x86_64/sysroot/usr/lib/arm-linux-androideabi/29/crtbegin_dynamic.o -L/Users/chaoranli/Library/Android/sdk/ndk/24.0.8215888/toolchains/llvm/prebuilt/darwin-x86_64/lib64/clang/14.0.1/lib/linux/arm -L/Users/chaoranli/Library/Android/sdk/ndk/24.0.8215888/toolchains/llvm/prebuilt/darwin-x86_64/sysroot/usr/lib/arm-linux-androideabi/29 -L/Users/chaoranli/Library/Android/sdk/ndk/24.0.8215888/toolchains/llvm/prebuilt/darwin-x86_64/sysroot/usr/lib/arm-linux-androideabi -L/Users/chaoranli/Library/Android/sdk/ndk/24.0.8215888/toolchains/llvm/prebuilt/darwin-x86_64/sysroot/usr/lib/../lib -L/Users/chaoranli/Library/Android/sdk/ndk/24.0.8215888/toolchains/llvm/prebuilt/darwin-x86_64/sysroot/usr/lib --build-id=sha1 --no-rosegment --fatal-warnings --no-undefined --gc-sections CMakeFiles/cmTC_f9a58.dir/CMakeCCompilerABI.c.o /Users/chaoranli/Library/Android/sdk/ndk/24.0.8215888/toolchains/llvm/prebuilt/darwin-x86_64/lib64/clang/14.0.1/lib/linux/libclang_rt.builtins-arm-android.a -l:libunwind.a -ldl -lc /Users/chaoranli/Library/Android/sdk/ndk/24.0.8215888/toolchains/llvm/prebuilt/darwin-x86_64/lib64/clang/14.0.1/lib/linux/libclang_rt.builtins-arm-android.a -l:libunwind.a -ldl /Users/chaoranli/Library/Android/sdk/ndk/24.0.8215888/toolchains/llvm/prebuilt/darwin-x86_64/sysroot/usr/lib/arm-linux-androideabi/29/crtend_android.o


Parsed C implicit link information from above output:
  link line regex: [^( *|.*[/\])(CMAKE_LINKER-NOTFOUND|CMAKE_LINK_STARTFILE-NOTFOUND|([^/\]+-)?ld|collect2)[^/\]*( |$)]
  ignore line: [Change Dir: /Users/chaoranli/AndroidStudioProjects/fuzzer/app/.cxx/cmake/debug/armeabi-v7a/CMakeFiles/CMakeTmp]
  ignore line: []
  ignore line: [Run Build Command:"/Users/chaoranli/Library/Android/sdk/cmake/3.10.2.4988404/bin/ninja" "cmTC_f9a58"]
  ignore line: [[1/2] Building C object CMakeFiles/cmTC_f9a58.dir/CMakeCCompilerABI.c.o]
  ignore line: [[2/2] Linking C executable cmTC_f9a58]
  ignore line: [Android (8075178, based on r437112b) clang version 14.0.1 (https://android.googlesource.com/toolchain/llvm-project 8671348b81b95fc603505dfc881b45103bee1731)]
  ignore line: [Target: armv7-none-linux-android29]
  ignore line: [Thread model: posix]
  ignore line: [InstalledDir: /Users/chaoranli/Library/Android/sdk/ndk/24.0.8215888/toolchains/llvm/prebuilt/darwin-x86_64/bin]
  link line: [ "/Users/chaoranli/Library/Android/sdk/ndk/24.0.8215888/toolchains/llvm/prebuilt/darwin-x86_64/bin/ld" --sysroot=/Users/chaoranli/Library/Android/sdk/ndk/24.0.8215888/toolchains/llvm/prebuilt/darwin-x86_64/sysroot -pie -z noexecstack -EL --warn-shared-textrel -z now -z relro -z max-page-size=4096 -X --hash-style=gnu --enable-new-dtags --eh-frame-hdr -m armelf_linux_eabi -dynamic-linker /system/bin/linker -o cmTC_f9a58 /Users/chaoranli/Library/Android/sdk/ndk/24.0.8215888/toolchains/llvm/prebuilt/darwin-x86_64/sysroot/usr/lib/arm-linux-androideabi/29/crtbegin_dynamic.o -L/Users/chaoranli/Library/Android/sdk/ndk/24.0.8215888/toolchains/llvm/prebuilt/darwin-x86_64/lib64/clang/14.0.1/lib/linux/arm -L/Users/chaoranli/Library/Android/sdk/ndk/24.0.8215888/toolchains/llvm/prebuilt/darwin-x86_64/sysroot/usr/lib/arm-linux-androideabi/29 -L/Users/chaoranli/Library/Android/sdk/ndk/24.0.8215888/toolchains/llvm/prebuilt/darwin-x86_64/sysroot/usr/lib/arm-linux-androideabi -L/Users/chaoranli/Library/Android/sdk/ndk/24.0.8215888/toolchains/llvm/prebuilt/darwin-x86_64/sysroot/usr/lib/../lib -L/Users/chaoranli/Library/Android/sdk/ndk/24.0.8215888/toolchains/llvm/prebuilt/darwin-x86_64/sysroot/usr/lib --build-id=sha1 --no-rosegment --fatal-warnings --no-undefined --gc-sections CMakeFiles/cmTC_f9a58.dir/CMakeCCompilerABI.c.o /Users/chaoranli/Library/Android/sdk/ndk/24.0.8215888/toolchains/llvm/prebuilt/darwin-x86_64/lib64/clang/14.0.1/lib/linux/libclang_rt.builtins-arm-android.a -l:libunwind.a -ldl -lc /Users/chaoranli/Library/Android/sdk/ndk/24.0.8215888/toolchains/llvm/prebuilt/darwin-x86_64/lib64/clang/14.0.1/lib/linux/libclang_rt.builtins-arm-android.a -l:libunwind.a -ldl /Users/chaoranli/Library/Android/sdk/ndk/24.0.8215888/toolchains/llvm/prebuilt/darwin-x86_64/sysroot/usr/lib/arm-linux-androideabi/29/crtend_android.o]
    arg [/Users/chaoranli/Library/Android/sdk/ndk/24.0.8215888/toolchains/llvm/prebuilt/darwin-x86_64/bin/ld] ==> ignore
    arg [--sysroot=/Users/chaoranli/Library/Android/sdk/ndk/24.0.8215888/toolchains/llvm/prebuilt/darwin-x86_64/sysroot] ==> ignore
    arg [-pie] ==> ignore
    arg [-znoexecstack] ==> ignore
    arg [-EL] ==> ignore
    arg [--warn-shared-textrel] ==> ignore
    arg [-znow] ==> ignore
    arg [-zrelro] ==> ignore
    arg [-zmax-page-size=4096] ==> ignore
    arg [-X] ==> ignore
    arg [--hash-style=gnu] ==> ignore
    arg [--enable-new-dtags] ==> ignore
    arg [--eh-frame-hdr] ==> ignore
    arg [-m] ==> ignore
    arg [armelf_linux_eabi] ==> ignore
    arg [-dynamic-linker] ==> ignore
    arg [/system/bin/linker] ==> ignore
    arg [-o] ==> ignore
    arg [cmTC_f9a58] ==> ignore
    arg [/Users/chaoranli/Library/Android/sdk/ndk/24.0.8215888/toolchains/llvm/prebuilt/darwin-x86_64/sysroot/usr/lib/arm-linux-androideabi/29/crtbegin_dynamic.o] ==> ignore
    arg [-L/Users/chaoranli/Library/Android/sdk/ndk/24.0.8215888/toolchains/llvm/prebuilt/darwin-x86_64/lib64/clang/14.0.1/lib/linux/arm] ==> dir [/Users/chaoranli/Library/Android/sdk/ndk/24.0.8215888/toolchains/llvm/prebuilt/darwin-x86_64/lib64/clang/14.0.1/lib/linux/arm]
    arg [-L/Users/chaoranli/Library/Android/sdk/ndk/24.0.8215888/toolchains/llvm/prebuilt/darwin-x86_64/sysroot/usr/lib/arm-linux-androideabi/29] ==> dir [/Users/chaoranli/Library/Android/sdk/ndk/24.0.8215888/toolchains/llvm/prebuilt/darwin-x86_64/sysroot/usr/lib/arm-linux-androideabi/29]
    arg [-L/Users/chaoranli/Library/Android/sdk/ndk/24.0.8215888/toolchains/llvm/prebuilt/darwin-x86_64/sysroot/usr/lib/arm-linux-androideabi] ==> dir [/Users/chaoranli/Library/Android/sdk/ndk/24.0.8215888/toolchains/llvm/prebuilt/darwin-x86_64/sysroot/usr/lib/arm-linux-androideabi]
    arg [-L/Users/chaoranli/Library/Android/sdk/ndk/24.0.8215888/toolchains/llvm/prebuilt/darwin-x86_64/sysroot/usr/lib/../lib] ==> dir [/Users/chaoranli/Library/Android/sdk/ndk/24.0.8215888/toolchains/llvm/prebuilt/darwin-x86_64/sysroot/usr/lib/../lib]
    arg [-L/Users/chaoranli/Library/Android/sdk/ndk/24.0.8215888/toolchains/llvm/prebuilt/darwin-x86_64/sysroot/usr/lib] ==> dir [/Users/chaoranli/Library/Android/sdk/ndk/24.0.8215888/toolchains/llvm/prebuilt/darwin-x86_64/sysroot/usr/lib]
    arg [--build-id=sha1] ==> ignore
    arg [--no-rosegment] ==> ignore
    arg [--fatal-warnings] ==> ignore
    arg [--no-undefined] ==> ignore
    arg [--gc-sections] ==> ignore
    arg [CMakeFiles/cmTC_f9a58.dir/CMakeCCompilerABI.c.o] ==> ignore
    arg [/Users/chaoranli/Library/Android/sdk/ndk/24.0.8215888/toolchains/llvm/prebuilt/darwin-x86_64/lib64/clang/14.0.1/lib/linux/libclang_rt.builtins-arm-android.a] ==> lib [/Users/chaoranli/Library/Android/sdk/ndk/24.0.8215888/toolchains/llvm/prebuilt/darwin-x86_64/lib64/clang/14.0.1/lib/linux/libclang_rt.builtins-arm-android.a]
    arg [-l:libunwind.a] ==> lib [-l:libunwind.a]
    arg [-ldl] ==> lib [dl]
    arg [-lc] ==> lib [c]
    arg [/Users/chaoranli/Library/Android/sdk/ndk/24.0.8215888/toolchains/llvm/prebuilt/darwin-x86_64/lib64/clang/14.0.1/lib/linux/libclang_rt.builtins-arm-android.a] ==> lib [/Users/chaoranli/Library/Android/sdk/ndk/24.0.8215888/toolchains/llvm/prebuilt/darwin-x86_64/lib64/clang/14.0.1/lib/linux/libclang_rt.builtins-arm-android.a]
    arg [-l:libunwind.a] ==> lib [-l:libunwind.a]
    arg [-ldl] ==> lib [dl]
    arg [/Users/chaoranli/Library/Android/sdk/ndk/24.0.8215888/toolchains/llvm/prebuilt/darwin-x86_64/sysroot/usr/lib/arm-linux-androideabi/29/crtend_android.o] ==> ignore
  remove lib [/Users/chaoranli/Library/Android/sdk/ndk/24.0.8215888/toolchains/llvm/prebuilt/darwin-x86_64/lib64/clang/14.0.1/lib/linux/libclang_rt.builtins-arm-android.a]
  remove lib [/Users/chaoranli/Library/Android/sdk/ndk/24.0.8215888/toolchains/llvm/prebuilt/darwin-x86_64/lib64/clang/14.0.1/lib/linux/libclang_rt.builtins-arm-android.a]
  collapse library dir [/Users/chaoranli/Library/Android/sdk/ndk/24.0.8215888/toolchains/llvm/prebuilt/darwin-x86_64/lib64/clang/14.0.1/lib/linux/arm] ==> [/Users/chaoranli/Library/Android/sdk/ndk/24.0.8215888/toolchains/llvm/prebuilt/darwin-x86_64/lib64/clang/14.0.1/lib/linux/arm]
  collapse library dir [/Users/chaoranli/Library/Android/sdk/ndk/24.0.8215888/toolchains/llvm/prebuilt/darwin-x86_64/sysroot/usr/lib/arm-linux-androideabi/29] ==> [/Users/chaoranli/Library/Android/sdk/ndk/24.0.8215888/toolchains/llvm/prebuilt/darwin-x86_64/sysroot/usr/lib/arm-linux-androideabi/29]
  collapse library dir [/Users/chaoranli/Library/Android/sdk/ndk/24.0.8215888/toolchains/llvm/prebuilt/darwin-x86_64/sysroot/usr/lib/arm-linux-androideabi] ==> [/Users/chaoranli/Library/Android/sdk/ndk/24.0.8215888/toolchains/llvm/prebuilt/darwin-x86_64/sysroot/usr/lib/arm-linux-androideabi]
  collapse library dir [/Users/chaoranli/Library/Android/sdk/ndk/24.0.8215888/toolchains/llvm/prebuilt/darwin-x86_64/sysroot/usr/lib/../lib] ==> [/Users/chaoranli/Library/Android/sdk/ndk/24.0.8215888/toolchains/llvm/prebuilt/darwin-x86_64/sysroot/usr/lib]
  collapse library dir [/Users/chaoranli/Library/Android/sdk/ndk/24.0.8215888/toolchains/llvm/prebuilt/darwin-x86_64/sysroot/usr/lib] ==> [/Users/chaoranli/Library/Android/sdk/ndk/24.0.8215888/toolchains/llvm/prebuilt/darwin-x86_64/sysroot/usr/lib]
  implicit libs: [-l:libunwind.a;dl;c;-l:libunwind.a;dl]
  implicit dirs: [/Users/chaoranli/Library/Android/sdk/ndk/24.0.8215888/toolchains/llvm/prebuilt/darwin-x86_64/lib64/clang/14.0.1/lib/linux/arm;/Users/chaoranli/Library/Android/sdk/ndk/24.0.8215888/toolchains/llvm/prebuilt/darwin-x86_64/sysroot/usr/lib/arm-linux-androideabi/29;/Users/chaoranli/Library/Android/sdk/ndk/24.0.8215888/toolchains/llvm/prebuilt/darwin-x86_64/sysroot/usr/lib/arm-linux-androideabi;/Users/chaoranli/Library/Android/sdk/ndk/24.0.8215888/toolchains/llvm/prebuilt/darwin-x86_64/sysroot/usr/lib]
  implicit fwks: []




Detecting C [-std=c11] compiler features compiled with the following output:
Change Dir: /Users/chaoranli/AndroidStudioProjects/fuzzer/app/.cxx/cmake/debug/armeabi-v7a/CMakeFiles/CMakeTmp

Run Build Command:"/Users/chaoranli/Library/Android/sdk/cmake/3.10.2.4988404/bin/ninja" "cmTC_4c22b"
[1/2] Building C object CMakeFiles/cmTC_4c22b.dir/feature_tests.c.o
[2/2] Linking C executable cmTC_4c22b


    Feature record: C_FEATURE:1c_function_prototypes
    Feature record: C_FEATURE:1c_restrict
    Feature record: C_FEATURE:1c_static_assert
    Feature record: C_FEATURE:1c_variadic_macros


Detecting C [-std=c99] compiler features compiled with the following output:
Change Dir: /Users/chaoranli/AndroidStudioProjects/fuzzer/app/.cxx/cmake/debug/armeabi-v7a/CMakeFiles/CMakeTmp

Run Build Command:"/Users/chaoranli/Library/Android/sdk/cmake/3.10.2.4988404/bin/ninja" "cmTC_02442"
[1/2] Building C object CMakeFiles/cmTC_02442.dir/feature_tests.c.o
[2/2] Linking C executable cmTC_02442


    Feature record: C_FEATURE:1c_function_prototypes
    Feature record: C_FEATURE:1c_restrict
    Feature record: C_FEATURE:0c_static_assert
    Feature record: C_FEATURE:1c_variadic_macros


Detecting C [-std=c90] compiler features compiled with the following output:
Change Dir: /Users/chaoranli/AndroidStudioProjects/fuzzer/app/.cxx/cmake/debug/armeabi-v7a/CMakeFiles/CMakeTmp

Run Build Command:"/Users/chaoranli/Library/Android/sdk/cmake/3.10.2.4988404/bin/ninja" "cmTC_43e49"
[1/2] Building C object CMakeFiles/cmTC_43e49.dir/feature_tests.c.o
[2/2] Linking C executable cmTC_43e49


    Feature record: C_FEATURE:1c_function_prototypes
    Feature record: C_FEATURE:0c_restrict
    Feature record: C_FEATURE:0c_static_assert
    Feature record: C_FEATURE:0c_variadic_macros
Determining if the CXX compiler works passed with the following output:
Change Dir: /Users/chaoranli/AndroidStudioProjects/fuzzer/app/.cxx/cmake/debug/armeabi-v7a/CMakeFiles/CMakeTmp

Run Build Command:"/Users/chaoranli/Library/Android/sdk/cmake/3.10.2.4988404/bin/ninja" "cmTC_b73d2"
[1/2] Building CXX object CMakeFiles/cmTC_b73d2.dir/testCXXCompiler.cxx.o
[2/2] Linking CXX executable cmTC_b73d2


Detecting CXX compiler ABI info compiled with the following output:
Change Dir: /Users/chaoranli/AndroidStudioProjects/fuzzer/app/.cxx/cmake/debug/armeabi-v7a/CMakeFiles/CMakeTmp

Run Build Command:"/Users/chaoranli/Library/Android/sdk/cmake/3.10.2.4988404/bin/ninja" "cmTC_37c59"
[1/2] Building CXX object CMakeFiles/cmTC_37c59.dir/CMakeCXXCompilerABI.cpp.o
[2/2] Linking CXX executable cmTC_37c59
Android (8075178, based on r437112b) clang version 14.0.1 (https://android.googlesource.com/toolchain/llvm-project 8671348b81b95fc603505dfc881b45103bee1731)
Target: armv7-none-linux-android29
Thread model: posix
InstalledDir: /Users/chaoranli/Library/Android/sdk/ndk/24.0.8215888/toolchains/llvm/prebuilt/darwin-x86_64/bin
 "/Users/chaoranli/Library/Android/sdk/ndk/24.0.8215888/toolchains/llvm/prebuilt/darwin-x86_64/bin/ld" --sysroot=/Users/chaoranli/Library/Android/sdk/ndk/24.0.8215888/toolchains/llvm/prebuilt/darwin-x86_64/sysroot -pie -z noexecstack -EL --warn-shared-textrel -z now -z relro -z max-page-size=4096 -X --hash-style=gnu --enable-new-dtags --eh-frame-hdr -m armelf_linux_eabi -dynamic-linker /system/bin/linker -o cmTC_37c59 /Users/chaoranli/Library/Android/sdk/ndk/24.0.8215888/toolchains/llvm/prebuilt/darwin-x86_64/sysroot/usr/lib/arm-linux-androideabi/29/crtbegin_dynamic.o -L/Users/chaoranli/Library/Android/sdk/ndk/24.0.8215888/toolchains/llvm/prebuilt/darwin-x86_64/lib64/clang/14.0.1/lib/linux/arm -L/Users/chaoranli/Library/Android/sdk/ndk/24.0.8215888/toolchains/llvm/prebuilt/darwin-x86_64/sysroot/usr/lib/arm-linux-androideabi/29 -L/Users/chaoranli/Library/Android/sdk/ndk/24.0.8215888/toolchains/llvm/prebuilt/darwin-x86_64/sysroot/usr/lib/arm-linux-androideabi -L/Users/chaoranli/Library/Android/sdk/ndk/24.0.8215888/toolchains/llvm/prebuilt/darwin-x86_64/sysroot/usr/lib/../lib -L/Users/chaoranli/Library/Android/sdk/ndk/24.0.8215888/toolchains/llvm/prebuilt/darwin-x86_64/sysroot/usr/lib --build-id=sha1 --no-rosegment --fatal-warnings --no-undefined --gc-sections CMakeFiles/cmTC_37c59.dir/CMakeCXXCompilerABI.cpp.o -Bstatic -lc++ -Bdynamic -lm /Users/chaoranli/Library/Android/sdk/ndk/24.0.8215888/toolchains/llvm/prebuilt/darwin-x86_64/lib64/clang/14.0.1/lib/linux/libclang_rt.builtins-arm-android.a -l:libunwind.a -ldl -lc /Users/chaoranli/Library/Android/sdk/ndk/24.0.8215888/toolchains/llvm/prebuilt/darwin-x86_64/lib64/clang/14.0.1/lib/linux/libclang_rt.builtins-arm-android.a -l:libunwind.a -ldl /Users/chaoranli/Library/Android/sdk/ndk/24.0.8215888/toolchains/llvm/prebuilt/darwin-x86_64/sysroot/usr/lib/arm-linux-androideabi/29/crtend_android.o


Parsed CXX implicit link information from above output:
  link line regex: [^( *|.*[/\])(CMAKE_LINKER-NOTFOUND|CMAKE_LINK_STARTFILE-NOTFOUND|([^/\]+-)?ld|collect2)[^/\]*( |$)]
  ignore line: [Change Dir: /Users/chaoranli/AndroidStudioProjects/fuzzer/app/.cxx/cmake/debug/armeabi-v7a/CMakeFiles/CMakeTmp]
  ignore line: []
  ignore line: [Run Build Command:"/Users/chaoranli/Library/Android/sdk/cmake/3.10.2.4988404/bin/ninja" "cmTC_37c59"]
  ignore line: [[1/2] Building CXX object CMakeFiles/cmTC_37c59.dir/CMakeCXXCompilerABI.cpp.o]
  ignore line: [[2/2] Linking CXX executable cmTC_37c59]
  ignore line: [Android (8075178, based on r437112b) clang version 14.0.1 (https://android.googlesource.com/toolchain/llvm-project 8671348b81b95fc603505dfc881b45103bee1731)]
  ignore line: [Target: armv7-none-linux-android29]
  ignore line: [Thread model: posix]
  ignore line: [InstalledDir: /Users/chaoranli/Library/Android/sdk/ndk/24.0.8215888/toolchains/llvm/prebuilt/darwin-x86_64/bin]
  link line: [ "/Users/chaoranli/Library/Android/sdk/ndk/24.0.8215888/toolchains/llvm/prebuilt/darwin-x86_64/bin/ld" --sysroot=/Users/chaoranli/Library/Android/sdk/ndk/24.0.8215888/toolchains/llvm/prebuilt/darwin-x86_64/sysroot -pie -z noexecstack -EL --warn-shared-textrel -z now -z relro -z max-page-size=4096 -X --hash-style=gnu --enable-new-dtags --eh-frame-hdr -m armelf_linux_eabi -dynamic-linker /system/bin/linker -o cmTC_37c59 /Users/chaoranli/Library/Android/sdk/ndk/24.0.8215888/toolchains/llvm/prebuilt/darwin-x86_64/sysroot/usr/lib/arm-linux-androideabi/29/crtbegin_dynamic.o -L/Users/chaoranli/Library/Android/sdk/ndk/24.0.8215888/toolchains/llvm/prebuilt/darwin-x86_64/lib64/clang/14.0.1/lib/linux/arm -L/Users/chaoranli/Library/Android/sdk/ndk/24.0.8215888/toolchains/llvm/prebuilt/darwin-x86_64/sysroot/usr/lib/arm-linux-androideabi/29 -L/Users/chaoranli/Library/Android/sdk/ndk/24.0.8215888/toolchains/llvm/prebuilt/darwin-x86_64/sysroot/usr/lib/arm-linux-androideabi -L/Users/chaoranli/Library/Android/sdk/ndk/24.0.8215888/toolchains/llvm/prebuilt/darwin-x86_64/sysroot/usr/lib/../lib -L/Users/chaoranli/Library/Android/sdk/ndk/24.0.8215888/toolchains/llvm/prebuilt/darwin-x86_64/sysroot/usr/lib --build-id=sha1 --no-rosegment --fatal-warnings --no-undefined --gc-sections CMakeFiles/cmTC_37c59.dir/CMakeCXXCompilerABI.cpp.o -Bstatic -lc++ -Bdynamic -lm /Users/chaoranli/Library/Android/sdk/ndk/24.0.8215888/toolchains/llvm/prebuilt/darwin-x86_64/lib64/clang/14.0.1/lib/linux/libclang_rt.builtins-arm-android.a -l:libunwind.a -ldl -lc /Users/chaoranli/Library/Android/sdk/ndk/24.0.8215888/toolchains/llvm/prebuilt/darwin-x86_64/lib64/clang/14.0.1/lib/linux/libclang_rt.builtins-arm-android.a -l:libunwind.a -ldl /Users/chaoranli/Library/Android/sdk/ndk/24.0.8215888/toolchains/llvm/prebuilt/darwin-x86_64/sysroot/usr/lib/arm-linux-androideabi/29/crtend_android.o]
    arg [/Users/chaoranli/Library/Android/sdk/ndk/24.0.8215888/toolchains/llvm/prebuilt/darwin-x86_64/bin/ld] ==> ignore
    arg [--sysroot=/Users/chaoranli/Library/Android/sdk/ndk/24.0.8215888/toolchains/llvm/prebuilt/darwin-x86_64/sysroot] ==> ignore
    arg [-pie] ==> ignore
    arg [-znoexecstack] ==> ignore
    arg [-EL] ==> ignore
    arg [--warn-shared-textrel] ==> ignore
    arg [-znow] ==> ignore
    arg [-zrelro] ==> ignore
    arg [-zmax-page-size=4096] ==> ignore
    arg [-X] ==> ignore
    arg [--hash-style=gnu] ==> ignore
    arg [--enable-new-dtags] ==> ignore
    arg [--eh-frame-hdr] ==> ignore
    arg [-m] ==> ignore
    arg [armelf_linux_eabi] ==> ignore
    arg [-dynamic-linker] ==> ignore
    arg [/system/bin/linker] ==> ignore
    arg [-o] ==> ignore
    arg [cmTC_37c59] ==> ignore
    arg [/Users/chaoranli/Library/Android/sdk/ndk/24.0.8215888/toolchains/llvm/prebuilt/darwin-x86_64/sysroot/usr/lib/arm-linux-androideabi/29/crtbegin_dynamic.o] ==> ignore
    arg [-L/Users/chaoranli/Library/Android/sdk/ndk/24.0.8215888/toolchains/llvm/prebuilt/darwin-x86_64/lib64/clang/14.0.1/lib/linux/arm] ==> dir [/Users/chaoranli/Library/Android/sdk/ndk/24.0.8215888/toolchains/llvm/prebuilt/darwin-x86_64/lib64/clang/14.0.1/lib/linux/arm]
    arg [-L/Users/chaoranli/Library/Android/sdk/ndk/24.0.8215888/toolchains/llvm/prebuilt/darwin-x86_64/sysroot/usr/lib/arm-linux-androideabi/29] ==> dir [/Users/chaoranli/Library/Android/sdk/ndk/24.0.8215888/toolchains/llvm/prebuilt/darwin-x86_64/sysroot/usr/lib/arm-linux-androideabi/29]
    arg [-L/Users/chaoranli/Library/Android/sdk/ndk/24.0.8215888/toolchains/llvm/prebuilt/darwin-x86_64/sysroot/usr/lib/arm-linux-androideabi] ==> dir [/Users/chaoranli/Library/Android/sdk/ndk/24.0.8215888/toolchains/llvm/prebuilt/darwin-x86_64/sysroot/usr/lib/arm-linux-androideabi]
    arg [-L/Users/chaoranli/Library/Android/sdk/ndk/24.0.8215888/toolchains/llvm/prebuilt/darwin-x86_64/sysroot/usr/lib/../lib] ==> dir [/Users/chaoranli/Library/Android/sdk/ndk/24.0.8215888/toolchains/llvm/prebuilt/darwin-x86_64/sysroot/usr/lib/../lib]
    arg [-L/Users/chaoranli/Library/Android/sdk/ndk/24.0.8215888/toolchains/llvm/prebuilt/darwin-x86_64/sysroot/usr/lib] ==> dir [/Users/chaoranli/Library/Android/sdk/ndk/24.0.8215888/toolchains/llvm/prebuilt/darwin-x86_64/sysroot/usr/lib]
    arg [--build-id=sha1] ==> ignore
    arg [--no-rosegment] ==> ignore
    arg [--fatal-warnings] ==> ignore
    arg [--no-undefined] ==> ignore
    arg [--gc-sections] ==> ignore
    arg [CMakeFiles/cmTC_37c59.dir/CMakeCXXCompilerABI.cpp.o] ==> ignore
    arg [-Bstatic] ==> ignore
    arg [-lc++] ==> lib [c++]
    arg [-Bdynamic] ==> ignore
    arg [-lm] ==> lib [m]
    arg [/Users/chaoranli/Library/Android/sdk/ndk/24.0.8215888/toolchains/llvm/prebuilt/darwin-x86_64/lib64/clang/14.0.1/lib/linux/libclang_rt.builtins-arm-android.a] ==> lib [/Users/chaoranli/Library/Android/sdk/ndk/24.0.8215888/toolchains/llvm/prebuilt/darwin-x86_64/lib64/clang/14.0.1/lib/linux/libclang_rt.builtins-arm-android.a]
    arg [-l:libunwind.a] ==> lib [-l:libunwind.a]
    arg [-ldl] ==> lib [dl]
    arg [-lc] ==> lib [c]
    arg [/Users/chaoranli/Library/Android/sdk/ndk/24.0.8215888/toolchains/llvm/prebuilt/darwin-x86_64/lib64/clang/14.0.1/lib/linux/libclang_rt.builtins-arm-android.a] ==> lib [/Users/chaoranli/Library/Android/sdk/ndk/24.0.8215888/toolchains/llvm/prebuilt/darwin-x86_64/lib64/clang/14.0.1/lib/linux/libclang_rt.builtins-arm-android.a]
    arg [-l:libunwind.a] ==> lib [-l:libunwind.a]
    arg [-ldl] ==> lib [dl]
    arg [/Users/chaoranli/Library/Android/sdk/ndk/24.0.8215888/toolchains/llvm/prebuilt/darwin-x86_64/sysroot/usr/lib/arm-linux-androideabi/29/crtend_android.o] ==> ignore
  remove lib [/Users/chaoranli/Library/Android/sdk/ndk/24.0.8215888/toolchains/llvm/prebuilt/darwin-x86_64/lib64/clang/14.0.1/lib/linux/libclang_rt.builtins-arm-android.a]
  remove lib [/Users/chaoranli/Library/Android/sdk/ndk/24.0.8215888/toolchains/llvm/prebuilt/darwin-x86_64/lib64/clang/14.0.1/lib/linux/libclang_rt.builtins-arm-android.a]
  collapse library dir [/Users/chaoranli/Library/Android/sdk/ndk/24.0.8215888/toolchains/llvm/prebuilt/darwin-x86_64/lib64/clang/14.0.1/lib/linux/arm] ==> [/Users/chaoranli/Library/Android/sdk/ndk/24.0.8215888/toolchains/llvm/prebuilt/darwin-x86_64/lib64/clang/14.0.1/lib/linux/arm]
  collapse library dir [/Users/chaoranli/Library/Android/sdk/ndk/24.0.8215888/toolchains/llvm/prebuilt/darwin-x86_64/sysroot/usr/lib/arm-linux-androideabi/29] ==> [/Users/chaoranli/Library/Android/sdk/ndk/24.0.8215888/toolchains/llvm/prebuilt/darwin-x86_64/sysroot/usr/lib/arm-linux-androideabi/29]
  collapse library dir [/Users/chaoranli/Library/Android/sdk/ndk/24.0.8215888/toolchains/llvm/prebuilt/darwin-x86_64/sysroot/usr/lib/arm-linux-androideabi] ==> [/Users/chaoranli/Library/Android/sdk/ndk/24.0.8215888/toolchains/llvm/prebuilt/darwin-x86_64/sysroot/usr/lib/arm-linux-androideabi]
  collapse library dir [/Users/chaoranli/Library/Android/sdk/ndk/24.0.8215888/toolchains/llvm/prebuilt/darwin-x86_64/sysroot/usr/lib/../lib] ==> [/Users/chaoranli/Library/Android/sdk/ndk/24.0.8215888/toolchains/llvm/prebuilt/darwin-x86_64/sysroot/usr/lib]
  collapse library dir [/Users/chaoranli/Library/Android/sdk/ndk/24.0.8215888/toolchains/llvm/prebuilt/darwin-x86_64/sysroot/usr/lib] ==> [/Users/chaoranli/Library/Android/sdk/ndk/24.0.8215888/toolchains/llvm/prebuilt/darwin-x86_64/sysroot/usr/lib]
  implicit libs: [c++;m;-l:libunwind.a;dl;c;-l:libunwind.a;dl]
  implicit dirs: [/Users/chaoranli/Library/Android/sdk/ndk/24.0.8215888/toolchains/llvm/prebuilt/darwin-x86_64/lib64/clang/14.0.1/lib/linux/arm;/Users/chaoranli/Library/Android/sdk/ndk/24.0.8215888/toolchains/llvm/prebuilt/darwin-x86_64/sysroot/usr/lib/arm-linux-androideabi/29;/Users/chaoranli/Library/Android/sdk/ndk/24.0.8215888/toolchains/llvm/prebuilt/darwin-x86_64/sysroot/usr/lib/arm-linux-androideabi;/Users/chaoranli/Library/Android/sdk/ndk/24.0.8215888/toolchains/llvm/prebuilt/darwin-x86_64/sysroot/usr/lib]
  implicit fwks: []




Detecting CXX [-std=c++1z] compiler features compiled with the following output:
Change Dir: /Users/chaoranli/AndroidStudioProjects/fuzzer/app/.cxx/cmake/debug/armeabi-v7a/CMakeFiles/CMakeTmp

Run Build Command:"/Users/chaoranli/Library/Android/sdk/cmake/3.10.2.4988404/bin/ninja" "cmTC_53b7a"
[1/2] Building CXX object CMakeFiles/cmTC_53b7a.dir/feature_tests.cxx.o
[2/2] Linking CXX executable cmTC_53b7a


    Feature record: CXX_FEATURE:1cxx_aggregate_default_initializers
    Feature record: CXX_FEATURE:1cxx_alias_templates
    Feature record: CXX_FEATURE:1cxx_alignas
    Feature record: CXX_FEATURE:1cxx_alignof
    Feature record: CXX_FEATURE:1cxx_attributes
    Feature record: CXX_FEATURE:1cxx_attribute_deprecated
    Feature record: CXX_FEATURE:1cxx_auto_type
    Feature record: CXX_FEATURE:1cxx_binary_literals
    Feature record: CXX_FEATURE:1cxx_constexpr
    Feature record: CXX_FEATURE:1cxx_contextual_conversions
    Feature record: CXX_FEATURE:1cxx_decltype
    Feature record: CXX_FEATURE:1cxx_decltype_auto
    Feature record: CXX_FEATURE:1cxx_decltype_incomplete_return_types
    Feature record: CXX_FEATURE:1cxx_default_function_template_args
    Feature record: CXX_FEATURE:1cxx_defaulted_functions
    Feature record: CXX_FEATURE:1cxx_defaulted_move_initializers
    Feature record: CXX_FEATURE:1cxx_delegating_constructors
    Feature record: CXX_FEATURE:1cxx_deleted_functions
    Feature record: CXX_FEATURE:1cxx_digit_separators
    Feature record: CXX_FEATURE:1cxx_enum_forward_declarations
    Feature record: CXX_FEATURE:1cxx_explicit_conversions
    Feature record: CXX_FEATURE:1cxx_extended_friend_declarations
    Feature record: CXX_FEATURE:1cxx_extern_templates
    Feature record: CXX_FEATURE:1cxx_final
    Feature record: CXX_FEATURE:1cxx_func_identifier
    Feature record: CXX_FEATURE:1cxx_generalized_initializers
    Feature record: CXX_FEATURE:1cxx_generic_lambdas
    Feature record: CXX_FEATURE:1cxx_inheriting_constructors
    Feature record: CXX_FEATURE:1cxx_inline_namespaces
    Feature record: CXX_FEATURE:1cxx_lambdas
    Feature record: CXX_FEATURE:1cxx_lambda_init_captures
    Feature record: CXX_FEATURE:1cxx_local_type_template_args
    Feature record: CXX_FEATURE:1cxx_long_long_type
    Feature record: CXX_FEATURE:1cxx_noexcept
    Feature record: CXX_FEATURE:1cxx_nonstatic_member_init
    Feature record: CXX_FEATURE:1cxx_nullptr
    Feature record: CXX_FEATURE:1cxx_override
    Feature record: CXX_FEATURE:1cxx_range_for
    Feature record: CXX_FEATURE:1cxx_raw_string_literals
    Feature record: CXX_FEATURE:1cxx_reference_qualified_functions
    Feature record: CXX_FEATURE:1cxx_relaxed_constexpr
    Feature record: CXX_FEATURE:1cxx_return_type_deduction
    Feature record: CXX_FEATURE:1cxx_right_angle_brackets
    Feature record: CXX_FEATURE:1cxx_rvalue_references
    Feature record: CXX_FEATURE:1cxx_sizeof_member
    Feature record: CXX_FEATURE:1cxx_static_assert
    Feature record: CXX_FEATURE:1cxx_strong_enums
    Feature record: CXX_FEATURE:1cxx_template_template_parameters
    Feature record: CXX_FEATURE:1cxx_thread_local
    Feature record: CXX_FEATURE:1cxx_trailing_return_types
    Feature record: CXX_FEATURE:1cxx_unicode_literals
    Feature record: CXX_FEATURE:1cxx_uniform_initialization
    Feature record: CXX_FEATURE:1cxx_unrestricted_unions
    Feature record: CXX_FEATURE:1cxx_user_literals
    Feature record: CXX_FEATURE:1cxx_variable_templates
    Feature record: CXX_FEATURE:1cxx_variadic_macros
    Feature record: CXX_FEATURE:1cxx_variadic_templates


Detecting CXX [-std=c++14] compiler features compiled with the following output:
Change Dir: /Users/chaoranli/AndroidStudioProjects/fuzzer/app/.cxx/cmake/debug/armeabi-v7a/CMakeFiles/CMakeTmp

Run Build Command:"/Users/chaoranli/Library/Android/sdk/cmake/3.10.2.4988404/bin/ninja" "cmTC_028dc"
[1/2] Building CXX object CMakeFiles/cmTC_028dc.dir/feature_tests.cxx.o
[2/2] Linking CXX executable cmTC_028dc


    Feature record: CXX_FEATURE:1cxx_aggregate_default_initializers
    Feature record: CXX_FEATURE:1cxx_alias_templates
    Feature record: CXX_FEATURE:1cxx_alignas
    Feature record: CXX_FEATURE:1cxx_alignof
    Feature record: CXX_FEATURE:1cxx_attributes
    Feature record: CXX_FEATURE:1cxx_attribute_deprecated
    Feature record: CXX_FEATURE:1cxx_auto_type
    Feature record: CXX_FEATURE:1cxx_binary_literals
    Feature record: CXX_FEATURE:1cxx_constexpr
    Feature record: CXX_FEATURE:1cxx_contextual_conversions
    Feature record: CXX_FEATURE:1cxx_decltype
    Feature record: CXX_FEATURE:1cxx_decltype_auto
    Feature record: CXX_FEATURE:1cxx_decltype_incomplete_return_types
    Feature record: CXX_FEATURE:1cxx_default_function_template_args
    Feature record: CXX_FEATURE:1cxx_defaulted_functions
    Feature record: CXX_FEATURE:1cxx_defaulted_move_initializers
    Feature record: CXX_FEATURE:1cxx_delegating_constructors
    Feature record: CXX_FEATURE:1cxx_deleted_functions
    Feature record: CXX_FEATURE:1cxx_digit_separators
    Feature record: CXX_FEATURE:1cxx_enum_forward_declarations
    Feature record: CXX_FEATURE:1cxx_explicit_conversions
    Feature record: CXX_FEATURE:1cxx_extended_friend_declarations
    Feature record: CXX_FEATURE:1cxx_extern_templates
    Feature record: CXX_FEATURE:1cxx_final
    Feature record: CXX_FEATURE:1cxx_func_identifier
    Feature record: CXX_FEATURE:1cxx_generalized_initializers
    Feature record: CXX_FEATURE:1cxx_generic_lambdas
    Feature record: CXX_FEATURE:1cxx_inheriting_constructors
    Feature record: CXX_FEATURE:1cxx_inline_namespaces
    Feature record: CXX_FEATURE:1cxx_lambdas
    Feature record: CXX_FEATURE:1cxx_lambda_init_captures
    Feature record: CXX_FEATURE:1cxx_local_type_template_args
    Feature record: CXX_FEATURE:1cxx_long_long_type
    Feature record: CXX_FEATURE:1cxx_noexcept
    Feature record: CXX_FEATURE:1cxx_nonstatic_member_init
    Feature record: CXX_FEATURE:1cxx_nullptr
    Feature record: CXX_FEATURE:1cxx_override
    Feature record: CXX_FEATURE:1cxx_range_for
    Feature record: CXX_FEATURE:1cxx_raw_string_literals
    Feature record: CXX_FEATURE:1cxx_reference_qualified_functions
    Feature record: CXX_FEATURE:1cxx_relaxed_constexpr
    Feature record: CXX_FEATURE:1cxx_return_type_deduction
    Feature record: CXX_FEATURE:1cxx_right_angle_brackets
    Feature record: CXX_FEATURE:1cxx_rvalue_references
    Feature record: CXX_FEATURE:1cxx_sizeof_member
    Feature record: CXX_FEATURE:1cxx_static_assert
    Feature record: CXX_FEATURE:1cxx_strong_enums
    Feature record: CXX_FEATURE:1cxx_template_template_parameters
    Feature record: CXX_FEATURE:1cxx_thread_local
    Feature record: CXX_FEATURE:1cxx_trailing_return_types
    Feature record: CXX_FEATURE:1cxx_unicode_literals
    Feature record: CXX_FEATURE:1cxx_uniform_initialization
    Feature record: CXX_FEATURE:1cxx_unrestricted_unions
    Feature record: CXX_FEATURE:1cxx_user_literals
    Feature record: CXX_FEATURE:1cxx_variable_templates
    Feature record: CXX_FEATURE:1cxx_variadic_macros
    Feature record: CXX_FEATURE:1cxx_variadic_templates


Detecting CXX [-std=c++11] compiler features compiled with the following output:
Change Dir: /Users/chaoranli/AndroidStudioProjects/fuzzer/app/.cxx/cmake/debug/armeabi-v7a/CMakeFiles/CMakeTmp

Run Build Command:"/Users/chaoranli/Library/Android/sdk/cmake/3.10.2.4988404/bin/ninja" "cmTC_191b9"
[1/2] Building CXX object CMakeFiles/cmTC_191b9.dir/feature_tests.cxx.o
[2/2] Linking CXX executable cmTC_191b9


    Feature record: CXX_FEATURE:0cxx_aggregate_default_initializers
    Feature record: CXX_FEATURE:1cxx_alias_templates
    Feature record: CXX_FEATURE:1cxx_alignas
    Feature record: CXX_FEATURE:1cxx_alignof
    Feature record: CXX_FEATURE:1cxx_attributes
    Feature record: CXX_FEATURE:0cxx_attribute_deprecated
    Feature record: CXX_FEATURE:1cxx_auto_type
    Feature record: CXX_FEATURE:0cxx_binary_literals
    Feature record: CXX_FEATURE:1cxx_constexpr
    Feature record: CXX_FEATURE:0cxx_contextual_conversions
    Feature record: CXX_FEATURE:1cxx_decltype
    Feature record: CXX_FEATURE:0cxx_decltype_auto
    Feature record: CXX_FEATURE:1cxx_decltype_incomplete_return_types
    Feature record: CXX_FEATURE:1cxx_default_function_template_args
    Feature record: CXX_FEATURE:1cxx_defaulted_functions
    Feature record: CXX_FEATURE:1cxx_defaulted_move_initializers
    Feature record: CXX_FEATURE:1cxx_delegating_constructors
    Feature record: CXX_FEATURE:1cxx_deleted_functions
    Feature record: CXX_FEATURE:0cxx_digit_separators
    Feature record: CXX_FEATURE:1cxx_enum_forward_declarations
    Feature record: CXX_FEATURE:1cxx_explicit_conversions
    Feature record: CXX_FEATURE:1cxx_extended_friend_declarations
    Feature record: CXX_FEATURE:1cxx_extern_templates
    Feature record: CXX_FEATURE:1cxx_final
    Feature record: CXX_FEATURE:1cxx_func_identifier
    Feature record: CXX_FEATURE:1cxx_generalized_initializers
    Feature record: CXX_FEATURE:0cxx_generic_lambdas
    Feature record: CXX_FEATURE:1cxx_inheriting_constructors
    Feature record: CXX_FEATURE:1cxx_inline_namespaces
    Feature record: CXX_FEATURE:1cxx_lambdas
    Feature record: CXX_FEATURE:0cxx_lambda_init_captures
    Feature record: CXX_FEATURE:1cxx_local_type_template_args
    Feature record: CXX_FEATURE:1cxx_long_long_type
    Feature record: CXX_FEATURE:1cxx_noexcept
    Feature record: CXX_FEATURE:1cxx_nonstatic_member_init
    Feature record: CXX_FEATURE:1cxx_nullptr
    Feature record: CXX_FEATURE:1cxx_override
    Feature record: CXX_FEATURE:1cxx_range_for
    Feature record: CXX_FEATURE:1cxx_raw_string_literals
    Feature record: CXX_FEATURE:1cxx_reference_qualified_functions
    Feature record: CXX_FEATURE:0cxx_relaxed_constexpr
    Feature record: CXX_FEATURE:0cxx_return_type_deduction
    Feature record: CXX_FEATURE:1cxx_right_angle_brackets
    Feature record: CXX_FEATURE:1cxx_rvalue_references
    Feature record: CXX_FEATURE:1cxx_sizeof_member
    Feature record: CXX_FEATURE:1cxx_static_assert
    Feature record: CXX_FEATURE:1cxx_strong_enums
    Feature record: CXX_FEATURE:1cxx_template_template_parameters
    Feature record: CXX_FEATURE:1cxx_thread_local
    Feature record: CXX_FEATURE:1cxx_trailing_return_types
    Feature record: CXX_FEATURE:1cxx_unicode_literals
    Feature record: CXX_FEATURE:1cxx_uniform_initialization
    Feature record: CXX_FEATURE:1cxx_unrestricted_unions
    Feature record: CXX_FEATURE:1cxx_user_literals
    Feature record: CXX_FEATURE:0cxx_variable_templates
    Feature record: CXX_FEATURE:1cxx_variadic_macros
    Feature record: CXX_FEATURE:1cxx_variadic_templates


Detecting CXX [-std=c++98] compiler features compiled with the following output:
Change Dir: /Users/chaoranli/AndroidStudioProjects/fuzzer/app/.cxx/cmake/debug/armeabi-v7a/CMakeFiles/CMakeTmp

Run Build Command:"/Users/chaoranli/Library/Android/sdk/cmake/3.10.2.4988404/bin/ninja" "cmTC_820a4"
[1/2] Building CXX object CMakeFiles/cmTC_820a4.dir/feature_tests.cxx.o
[2/2] Linking CXX executable cmTC_820a4


    Feature record: CXX_FEATURE:0cxx_aggregate_default_initializers
    Feature record: CXX_FEATURE:0cxx_alias_templates
    Feature record: CXX_FEATURE:0cxx_alignas
    Feature record: CXX_FEATURE:0cxx_alignof
    Feature record: CXX_FEATURE:0cxx_attributes
    Feature record: CXX_FEATURE:0cxx_attribute_deprecated
    Feature record: CXX_FEATURE:0cxx_auto_type
    Feature record: CXX_FEATURE:0cxx_binary_literals
    Feature record: CXX_FEATURE:0cxx_constexpr
    Feature record: CXX_FEATURE:0cxx_contextual_conversions
    Feature record: CXX_FEATURE:0cxx_decltype
    Feature record: CXX_FEATURE:0cxx_decltype_auto
    Feature record: CXX_FEATURE:0cxx_decltype_incomplete_return_types
    Feature record: CXX_FEATURE:0cxx_default_function_template_args
    Feature record: CXX_FEATURE:0cxx_defaulted_functions
    Feature record: CXX_FEATURE:0cxx_defaulted_move_initializers
    Feature record: CXX_FEATURE:0cxx_delegating_constructors
    Feature record: CXX_FEATURE:0cxx_deleted_functions
    Feature record: CXX_FEATURE:0cxx_digit_separators
    Feature record: CXX_FEATURE:0cxx_enum_forward_declarations
    Feature record: CXX_FEATURE:0cxx_explicit_conversions
    Feature record: CXX_FEATURE:0cxx_extended_friend_declarations
    Feature record: CXX_FEATURE:0cxx_extern_templates
    Feature record: CXX_FEATURE:0cxx_final
    Feature record: CXX_FEATURE:0cxx_func_identifier
    Feature record: CXX_FEATURE:0cxx_generalized_initializers
    Feature record: CXX_FEATURE:0cxx_generic_lambdas
    Feature record: CXX_FEATURE:0cxx_inheriting_constructors
    Feature record: CXX_FEATURE:0cxx_inline_namespaces
    Feature record: CXX_FEATURE:0cxx_lambdas
    Feature record: CXX_FEATURE:0cxx_lambda_init_captures
    Feature record: CXX_FEATURE:0cxx_local_type_template_args
    Feature record: CXX_FEATURE:0cxx_long_long_type
    Feature record: CXX_FEATURE:0cxx_noexcept
    Feature record: CXX_FEATURE:0cxx_nonstatic_member_init
    Feature record: CXX_FEATURE:0cxx_nullptr
    Feature record: CXX_FEATURE:0cxx_override
    Feature record: CXX_FEATURE:0cxx_range_for
    Feature record: CXX_FEATURE:0cxx_raw_string_literals
    Feature record: CXX_FEATURE:0cxx_reference_qualified_functions
    Feature record: CXX_FEATURE:0cxx_relaxed_constexpr
    Feature record: CXX_FEATURE:0cxx_return_type_deduction
    Feature record: CXX_FEATURE:0cxx_right_angle_brackets
    Feature record: CXX_FEATURE:0cxx_rvalue_references
    Feature record: CXX_FEATURE:0cxx_sizeof_member
    Feature record: CXX_FEATURE:0cxx_static_assert
    Feature record: CXX_FEATURE:0cxx_strong_enums
    Feature record: CXX_FEATURE:1cxx_template_template_parameters
    Feature record: CXX_FEATURE:0cxx_thread_local
    Feature record: CXX_FEATURE:0cxx_trailing_return_types
    Feature record: CXX_FEATURE:0cxx_unicode_literals
    Feature record: CXX_FEATURE:0cxx_uniform_initialization
    Feature record: CXX_FEATURE:0cxx_unrestricted_unions
    Feature record: CXX_FEATURE:0cxx_user_literals
    Feature record: CXX_FEATURE:0cxx_variable_templates
    Feature record: CXX_FEATURE:0cxx_variadic_macros
    Feature record: CXX_FEATURE:0cxx_variadic_templates
