The target system is: Android - 1 - x86_64
The host system is: Darwin - 19.6.0 - x86_64
Determining if the C compiler works passed with the following output:
Change Dir: /Users/chaoranli/AndroidStudioProjects/fuzzer/app/.cxx/Debug/x2r4i144/x86_64/CMakeFiles/CMakeTmp

Run Build Command:"/Users/chaoranli/Library/Android/sdk/cmake/3.10.2.4988404/bin/ninja" "cmTC_cab32"
[1/2] Building C object CMakeFiles/cmTC_cab32.dir/testCCompiler.c.o
[2/2] Linking C executable cmTC_cab32


Detecting C compiler ABI info compiled with the following output:
Change Dir: /Users/chaoranli/AndroidStudioProjects/fuzzer/app/.cxx/Debug/x2r4i144/x86_64/CMakeFiles/CMakeTmp

Run Build Command:"/Users/chaoranli/Library/Android/sdk/cmake/3.10.2.4988404/bin/ninja" "cmTC_30bff"
[1/2] Building C object CMakeFiles/cmTC_30bff.dir/CMakeCCompilerABI.c.o
[2/2] Linking C executable cmTC_30bff
Android (8075178, based on r437112b) clang version 14.0.1 (https://android.googlesource.com/toolchain/llvm-project 8671348b81b95fc603505dfc881b45103bee1731)
Target: x86_64-none-linux-android29
Thread model: posix
InstalledDir: /Users/chaoranli/Library/Android/sdk/ndk/24.0.8215888/toolchains/llvm/prebuilt/darwin-x86_64/bin
 "/Users/chaoranli/Library/Android/sdk/ndk/24.0.8215888/toolchains/llvm/prebuilt/darwin-x86_64/bin/ld" --sysroot=/Users/chaoranli/Library/Android/sdk/ndk/24.0.8215888/toolchains/llvm/prebuilt/darwin-x86_64/sysroot -pie -z noexecstack --warn-shared-textrel -z now -z relro --hash-style=gnu --enable-new-dtags --eh-frame-hdr -m elf_x86_64 -dynamic-linker /system/bin/linker64 -o cmTC_30bff /Users/chaoranli/Library/Android/sdk/ndk/24.0.8215888/toolchains/llvm/prebuilt/darwin-x86_64/sysroot/usr/lib/x86_64-linux-android/29/crtbegin_dynamic.o -L/Users/chaoranli/Library/Android/sdk/ndk/24.0.8215888/toolchains/llvm/prebuilt/darwin-x86_64/lib64/clang/14.0.1/lib/linux/x86_64 -L/Users/chaoranli/Library/Android/sdk/ndk/24.0.8215888/toolchains/llvm/prebuilt/darwin-x86_64/sysroot/usr/lib/x86_64-linux-android/29 -L/Users/chaoranli/Library/Android/sdk/ndk/24.0.8215888/toolchains/llvm/prebuilt/darwin-x86_64/sysroot/usr/lib/x86_64-linux-android -L/Users/chaoranli/Library/Android/sdk/ndk/24.0.8215888/toolchains/llvm/prebuilt/darwin-x86_64/sysroot/usr/lib --build-id=sha1 --no-rosegment --fatal-warnings --no-undefined --gc-sections CMakeFiles/cmTC_30bff.dir/CMakeCCompilerABI.c.o /Users/chaoranli/Library/Android/sdk/ndk/24.0.8215888/toolchains/llvm/prebuilt/darwin-x86_64/lib64/clang/14.0.1/lib/linux/libclang_rt.builtins-x86_64-android.a -l:libunwind.a -ldl -lc /Users/chaoranli/Library/Android/sdk/ndk/24.0.8215888/toolchains/llvm/prebuilt/darwin-x86_64/lib64/clang/14.0.1/lib/linux/libclang_rt.builtins-x86_64-android.a -l:libunwind.a -ldl /Users/chaoranli/Library/Android/sdk/ndk/24.0.8215888/toolchains/llvm/prebuilt/darwin-x86_64/sysroot/usr/lib/x86_64-linux-android/29/crtend_android.o


Parsed C implicit link information from above output:
  link line regex: [^( *|.*[/\])(CMAKE_LINKER-NOTFOUND|CMAKE_LINK_STARTFILE-NOTFOUND|([^/\]+-)?ld|collect2)[^/\]*( |$)]
  ignore line: [Change Dir: /Users/chaoranli/AndroidStudioProjects/fuzzer/app/.cxx/Debug/x2r4i144/x86_64/CMakeFiles/CMakeTmp]
  ignore line: []
  ignore line: [Run Build Command:"/Users/chaoranli/Library/Android/sdk/cmake/3.10.2.4988404/bin/ninja" "cmTC_30bff"]
  ignore line: [[1/2] Building C object CMakeFiles/cmTC_30bff.dir/CMakeCCompilerABI.c.o]
  ignore line: [[2/2] Linking C executable cmTC_30bff]
  ignore line: [Android (8075178, based on r437112b) clang version 14.0.1 (https://android.googlesource.com/toolchain/llvm-project 8671348b81b95fc603505dfc881b45103bee1731)]
  ignore line: [Target: x86_64-none-linux-android29]
  ignore line: [Thread model: posix]
  ignore line: [InstalledDir: /Users/chaoranli/Library/Android/sdk/ndk/24.0.8215888/toolchains/llvm/prebuilt/darwin-x86_64/bin]
  link line: [ "/Users/chaoranli/Library/Android/sdk/ndk/24.0.8215888/toolchains/llvm/prebuilt/darwin-x86_64/bin/ld" --sysroot=/Users/chaoranli/Library/Android/sdk/ndk/24.0.8215888/toolchains/llvm/prebuilt/darwin-x86_64/sysroot -pie -z noexecstack --warn-shared-textrel -z now -z relro --hash-style=gnu --enable-new-dtags --eh-frame-hdr -m elf_x86_64 -dynamic-linker /system/bin/linker64 -o cmTC_30bff /Users/chaoranli/Library/Android/sdk/ndk/24.0.8215888/toolchains/llvm/prebuilt/darwin-x86_64/sysroot/usr/lib/x86_64-linux-android/29/crtbegin_dynamic.o -L/Users/chaoranli/Library/Android/sdk/ndk/24.0.8215888/toolchains/llvm/prebuilt/darwin-x86_64/lib64/clang/14.0.1/lib/linux/x86_64 -L/Users/chaoranli/Library/Android/sdk/ndk/24.0.8215888/toolchains/llvm/prebuilt/darwin-x86_64/sysroot/usr/lib/x86_64-linux-android/29 -L/Users/chaoranli/Library/Android/sdk/ndk/24.0.8215888/toolchains/llvm/prebuilt/darwin-x86_64/sysroot/usr/lib/x86_64-linux-android -L/Users/chaoranli/Library/Android/sdk/ndk/24.0.8215888/toolchains/llvm/prebuilt/darwin-x86_64/sysroot/usr/lib --build-id=sha1 --no-rosegment --fatal-warnings --no-undefined --gc-sections CMakeFiles/cmTC_30bff.dir/CMakeCCompilerABI.c.o /Users/chaoranli/Library/Android/sdk/ndk/24.0.8215888/toolchains/llvm/prebuilt/darwin-x86_64/lib64/clang/14.0.1/lib/linux/libclang_rt.builtins-x86_64-android.a -l:libunwind.a -ldl -lc /Users/chaoranli/Library/Android/sdk/ndk/24.0.8215888/toolchains/llvm/prebuilt/darwin-x86_64/lib64/clang/14.0.1/lib/linux/libclang_rt.builtins-x86_64-android.a -l:libunwind.a -ldl /Users/chaoranli/Library/Android/sdk/ndk/24.0.8215888/toolchains/llvm/prebuilt/darwin-x86_64/sysroot/usr/lib/x86_64-linux-android/29/crtend_android.o]
    arg [/Users/chaoranli/Library/Android/sdk/ndk/24.0.8215888/toolchains/llvm/prebuilt/darwin-x86_64/bin/ld] ==> ignore
    arg [--sysroot=/Users/chaoranli/Library/Android/sdk/ndk/24.0.8215888/toolchains/llvm/prebuilt/darwin-x86_64/sysroot] ==> ignore
    arg [-pie] ==> ignore
    arg [-znoexecstack] ==> ignore
    arg [--warn-shared-textrel] ==> ignore
    arg [-znow] ==> ignore
    arg [-zrelro] ==> ignore
    arg [--hash-style=gnu] ==> ignore
    arg [--enable-new-dtags] ==> ignore
    arg [--eh-frame-hdr] ==> ignore
    arg [-m] ==> ignore
    arg [elf_x86_64] ==> ignore
    arg [-dynamic-linker] ==> ignore
    arg [/system/bin/linker64] ==> ignore
    arg [-o] ==> ignore
    arg [cmTC_30bff] ==> ignore
    arg [/Users/chaoranli/Library/Android/sdk/ndk/24.0.8215888/toolchains/llvm/prebuilt/darwin-x86_64/sysroot/usr/lib/x86_64-linux-android/29/crtbegin_dynamic.o] ==> ignore
    arg [-L/Users/chaoranli/Library/Android/sdk/ndk/24.0.8215888/toolchains/llvm/prebuilt/darwin-x86_64/lib64/clang/14.0.1/lib/linux/x86_64] ==> dir [/Users/chaoranli/Library/Android/sdk/ndk/24.0.8215888/toolchains/llvm/prebuilt/darwin-x86_64/lib64/clang/14.0.1/lib/linux/x86_64]
    arg [-L/Users/chaoranli/Library/Android/sdk/ndk/24.0.8215888/toolchains/llvm/prebuilt/darwin-x86_64/sysroot/usr/lib/x86_64-linux-android/29] ==> dir [/Users/chaoranli/Library/Android/sdk/ndk/24.0.8215888/toolchains/llvm/prebuilt/darwin-x86_64/sysroot/usr/lib/x86_64-linux-android/29]
    arg [-L/Users/chaoranli/Library/Android/sdk/ndk/24.0.8215888/toolchains/llvm/prebuilt/darwin-x86_64/sysroot/usr/lib/x86_64-linux-android] ==> dir [/Users/chaoranli/Library/Android/sdk/ndk/24.0.8215888/toolchains/llvm/prebuilt/darwin-x86_64/sysroot/usr/lib/x86_64-linux-android]
    arg [-L/Users/chaoranli/Library/Android/sdk/ndk/24.0.8215888/toolchains/llvm/prebuilt/darwin-x86_64/sysroot/usr/lib] ==> dir [/Users/chaoranli/Library/Android/sdk/ndk/24.0.8215888/toolchains/llvm/prebuilt/darwin-x86_64/sysroot/usr/lib]
    arg [--build-id=sha1] ==> ignore
    arg [--no-rosegment] ==> ignore
    arg [--fatal-warnings] ==> ignore
    arg [--no-undefined] ==> ignore
    arg [--gc-sections] ==> ignore
    arg [CMakeFiles/cmTC_30bff.dir/CMakeCCompilerABI.c.o] ==> ignore
    arg [/Users/chaoranli/Library/Android/sdk/ndk/24.0.8215888/toolchains/llvm/prebuilt/darwin-x86_64/lib64/clang/14.0.1/lib/linux/libclang_rt.builtins-x86_64-android.a] ==> lib [/Users/chaoranli/Library/Android/sdk/ndk/24.0.8215888/toolchains/llvm/prebuilt/darwin-x86_64/lib64/clang/14.0.1/lib/linux/libclang_rt.builtins-x86_64-android.a]
    arg [-l:libunwind.a] ==> lib [-l:libunwind.a]
    arg [-ldl] ==> lib [dl]
    arg [-lc] ==> lib [c]
    arg [/Users/chaoranli/Library/Android/sdk/ndk/24.0.8215888/toolchains/llvm/prebuilt/darwin-x86_64/lib64/clang/14.0.1/lib/linux/libclang_rt.builtins-x86_64-android.a] ==> lib [/Users/chaoranli/Library/Android/sdk/ndk/24.0.8215888/toolchains/llvm/prebuilt/darwin-x86_64/lib64/clang/14.0.1/lib/linux/libclang_rt.builtins-x86_64-android.a]
    arg [-l:libunwind.a] ==> lib [-l:libunwind.a]
    arg [-ldl] ==> lib [dl]
    arg [/Users/chaoranli/Library/Android/sdk/ndk/24.0.8215888/toolchains/llvm/prebuilt/darwin-x86_64/sysroot/usr/lib/x86_64-linux-android/29/crtend_android.o] ==> ignore
  remove lib [/Users/chaoranli/Library/Android/sdk/ndk/24.0.8215888/toolchains/llvm/prebuilt/darwin-x86_64/lib64/clang/14.0.1/lib/linux/libclang_rt.builtins-x86_64-android.a]
  remove lib [/Users/chaoranli/Library/Android/sdk/ndk/24.0.8215888/toolchains/llvm/prebuilt/darwin-x86_64/lib64/clang/14.0.1/lib/linux/libclang_rt.builtins-x86_64-android.a]
  collapse library dir [/Users/chaoranli/Library/Android/sdk/ndk/24.0.8215888/toolchains/llvm/prebuilt/darwin-x86_64/lib64/clang/14.0.1/lib/linux/x86_64] ==> [/Users/chaoranli/Library/Android/sdk/ndk/24.0.8215888/toolchains/llvm/prebuilt/darwin-x86_64/lib64/clang/14.0.1/lib/linux/x86_64]
  collapse library dir [/Users/chaoranli/Library/Android/sdk/ndk/24.0.8215888/toolchains/llvm/prebuilt/darwin-x86_64/sysroot/usr/lib/x86_64-linux-android/29] ==> [/Users/chaoranli/Library/Android/sdk/ndk/24.0.8215888/toolchains/llvm/prebuilt/darwin-x86_64/sysroot/usr/lib/x86_64-linux-android/29]
  collapse library dir [/Users/chaoranli/Library/Android/sdk/ndk/24.0.8215888/toolchains/llvm/prebuilt/darwin-x86_64/sysroot/usr/lib/x86_64-linux-android] ==> [/Users/chaoranli/Library/Android/sdk/ndk/24.0.8215888/toolchains/llvm/prebuilt/darwin-x86_64/sysroot/usr/lib/x86_64-linux-android]
  collapse library dir [/Users/chaoranli/Library/Android/sdk/ndk/24.0.8215888/toolchains/llvm/prebuilt/darwin-x86_64/sysroot/usr/lib] ==> [/Users/chaoranli/Library/Android/sdk/ndk/24.0.8215888/toolchains/llvm/prebuilt/darwin-x86_64/sysroot/usr/lib]
  implicit libs: [-l:libunwind.a;dl;c;-l:libunwind.a;dl]
  implicit dirs: [/Users/chaoranli/Library/Android/sdk/ndk/24.0.8215888/toolchains/llvm/prebuilt/darwin-x86_64/lib64/clang/14.0.1/lib/linux/x86_64;/Users/chaoranli/Library/Android/sdk/ndk/24.0.8215888/toolchains/llvm/prebuilt/darwin-x86_64/sysroot/usr/lib/x86_64-linux-android/29;/Users/chaoranli/Library/Android/sdk/ndk/24.0.8215888/toolchains/llvm/prebuilt/darwin-x86_64/sysroot/usr/lib/x86_64-linux-android;/Users/chaoranli/Library/Android/sdk/ndk/24.0.8215888/toolchains/llvm/prebuilt/darwin-x86_64/sysroot/usr/lib]
  implicit fwks: []




Detecting C [-std=c11] compiler features compiled with the following output:
Change Dir: /Users/chaoranli/AndroidStudioProjects/fuzzer/app/.cxx/Debug/x2r4i144/x86_64/CMakeFiles/CMakeTmp

Run Build Command:"/Users/chaoranli/Library/Android/sdk/cmake/3.10.2.4988404/bin/ninja" "cmTC_01875"
[1/2] Building C object CMakeFiles/cmTC_01875.dir/feature_tests.c.o
[2/2] Linking C executable cmTC_01875


    Feature record: C_FEATURE:1c_function_prototypes
    Feature record: C_FEATURE:1c_restrict
    Feature record: C_FEATURE:1c_static_assert
    Feature record: C_FEATURE:1c_variadic_macros


Detecting C [-std=c99] compiler features compiled with the following output:
Change Dir: /Users/chaoranli/AndroidStudioProjects/fuzzer/app/.cxx/Debug/x2r4i144/x86_64/CMakeFiles/CMakeTmp

Run Build Command:"/Users/chaoranli/Library/Android/sdk/cmake/3.10.2.4988404/bin/ninja" "cmTC_e5e16"
[1/2] Building C object CMakeFiles/cmTC_e5e16.dir/feature_tests.c.o
[2/2] Linking C executable cmTC_e5e16


    Feature record: C_FEATURE:1c_function_prototypes
    Feature record: C_FEATURE:1c_restrict
    Feature record: C_FEATURE:0c_static_assert
    Feature record: C_FEATURE:1c_variadic_macros


Detecting C [-std=c90] compiler features compiled with the following output:
Change Dir: /Users/chaoranli/AndroidStudioProjects/fuzzer/app/.cxx/Debug/x2r4i144/x86_64/CMakeFiles/CMakeTmp

Run Build Command:"/Users/chaoranli/Library/Android/sdk/cmake/3.10.2.4988404/bin/ninja" "cmTC_ed2c2"
[1/2] Building C object CMakeFiles/cmTC_ed2c2.dir/feature_tests.c.o
[2/2] Linking C executable cmTC_ed2c2


    Feature record: C_FEATURE:1c_function_prototypes
    Feature record: C_FEATURE:0c_restrict
    Feature record: C_FEATURE:0c_static_assert
    Feature record: C_FEATURE:0c_variadic_macros
Determining if the CXX compiler works passed with the following output:
Change Dir: /Users/chaoranli/AndroidStudioProjects/fuzzer/app/.cxx/Debug/x2r4i144/x86_64/CMakeFiles/CMakeTmp

Run Build Command:"/Users/chaoranli/Library/Android/sdk/cmake/3.10.2.4988404/bin/ninja" "cmTC_3ae65"
[1/2] Building CXX object CMakeFiles/cmTC_3ae65.dir/testCXXCompiler.cxx.o
[2/2] Linking CXX executable cmTC_3ae65


Detecting CXX compiler ABI info compiled with the following output:
Change Dir: /Users/chaoranli/AndroidStudioProjects/fuzzer/app/.cxx/Debug/x2r4i144/x86_64/CMakeFiles/CMakeTmp

Run Build Command:"/Users/chaoranli/Library/Android/sdk/cmake/3.10.2.4988404/bin/ninja" "cmTC_da245"
[1/2] Building CXX object CMakeFiles/cmTC_da245.dir/CMakeCXXCompilerABI.cpp.o
[2/2] Linking CXX executable cmTC_da245
Android (8075178, based on r437112b) clang version 14.0.1 (https://android.googlesource.com/toolchain/llvm-project 8671348b81b95fc603505dfc881b45103bee1731)
Target: x86_64-none-linux-android29
Thread model: posix
InstalledDir: /Users/chaoranli/Library/Android/sdk/ndk/24.0.8215888/toolchains/llvm/prebuilt/darwin-x86_64/bin
 "/Users/chaoranli/Library/Android/sdk/ndk/24.0.8215888/toolchains/llvm/prebuilt/darwin-x86_64/bin/ld" --sysroot=/Users/chaoranli/Library/Android/sdk/ndk/24.0.8215888/toolchains/llvm/prebuilt/darwin-x86_64/sysroot -pie -z noexecstack --warn-shared-textrel -z now -z relro --hash-style=gnu --enable-new-dtags --eh-frame-hdr -m elf_x86_64 -dynamic-linker /system/bin/linker64 -o cmTC_da245 /Users/chaoranli/Library/Android/sdk/ndk/24.0.8215888/toolchains/llvm/prebuilt/darwin-x86_64/sysroot/usr/lib/x86_64-linux-android/29/crtbegin_dynamic.o -L/Users/chaoranli/Library/Android/sdk/ndk/24.0.8215888/toolchains/llvm/prebuilt/darwin-x86_64/lib64/clang/14.0.1/lib/linux/x86_64 -L/Users/chaoranli/Library/Android/sdk/ndk/24.0.8215888/toolchains/llvm/prebuilt/darwin-x86_64/sysroot/usr/lib/x86_64-linux-android/29 -L/Users/chaoranli/Library/Android/sdk/ndk/24.0.8215888/toolchains/llvm/prebuilt/darwin-x86_64/sysroot/usr/lib/x86_64-linux-android -L/Users/chaoranli/Library/Android/sdk/ndk/24.0.8215888/toolchains/llvm/prebuilt/darwin-x86_64/sysroot/usr/lib --build-id=sha1 --no-rosegment --fatal-warnings --no-undefined --gc-sections CMakeFiles/cmTC_da245.dir/CMakeCXXCompilerABI.cpp.o -Bstatic -lc++ -Bdynamic -lm /Users/chaoranli/Library/Android/sdk/ndk/24.0.8215888/toolchains/llvm/prebuilt/darwin-x86_64/lib64/clang/14.0.1/lib/linux/libclang_rt.builtins-x86_64-android.a -l:libunwind.a -ldl -lc /Users/chaoranli/Library/Android/sdk/ndk/24.0.8215888/toolchains/llvm/prebuilt/darwin-x86_64/lib64/clang/14.0.1/lib/linux/libclang_rt.builtins-x86_64-android.a -l:libunwind.a -ldl /Users/chaoranli/Library/Android/sdk/ndk/24.0.8215888/toolchains/llvm/prebuilt/darwin-x86_64/sysroot/usr/lib/x86_64-linux-android/29/crtend_android.o


Parsed CXX implicit link information from above output:
  link line regex: [^( *|.*[/\])(CMAKE_LINKER-NOTFOUND|CMAKE_LINK_STARTFILE-NOTFOUND|([^/\]+-)?ld|collect2)[^/\]*( |$)]
  ignore line: [Change Dir: /Users/chaoranli/AndroidStudioProjects/fuzzer/app/.cxx/Debug/x2r4i144/x86_64/CMakeFiles/CMakeTmp]
  ignore line: []
  ignore line: [Run Build Command:"/Users/chaoranli/Library/Android/sdk/cmake/3.10.2.4988404/bin/ninja" "cmTC_da245"]
  ignore line: [[1/2] Building CXX object CMakeFiles/cmTC_da245.dir/CMakeCXXCompilerABI.cpp.o]
  ignore line: [[2/2] Linking CXX executable cmTC_da245]
  ignore line: [Android (8075178, based on r437112b) clang version 14.0.1 (https://android.googlesource.com/toolchain/llvm-project 8671348b81b95fc603505dfc881b45103bee1731)]
  ignore line: [Target: x86_64-none-linux-android29]
  ignore line: [Thread model: posix]
  ignore line: [InstalledDir: /Users/chaoranli/Library/Android/sdk/ndk/24.0.8215888/toolchains/llvm/prebuilt/darwin-x86_64/bin]
  link line: [ "/Users/chaoranli/Library/Android/sdk/ndk/24.0.8215888/toolchains/llvm/prebuilt/darwin-x86_64/bin/ld" --sysroot=/Users/chaoranli/Library/Android/sdk/ndk/24.0.8215888/toolchains/llvm/prebuilt/darwin-x86_64/sysroot -pie -z noexecstack --warn-shared-textrel -z now -z relro --hash-style=gnu --enable-new-dtags --eh-frame-hdr -m elf_x86_64 -dynamic-linker /system/bin/linker64 -o cmTC_da245 /Users/chaoranli/Library/Android/sdk/ndk/24.0.8215888/toolchains/llvm/prebuilt/darwin-x86_64/sysroot/usr/lib/x86_64-linux-android/29/crtbegin_dynamic.o -L/Users/chaoranli/Library/Android/sdk/ndk/24.0.8215888/toolchains/llvm/prebuilt/darwin-x86_64/lib64/clang/14.0.1/lib/linux/x86_64 -L/Users/chaoranli/Library/Android/sdk/ndk/24.0.8215888/toolchains/llvm/prebuilt/darwin-x86_64/sysroot/usr/lib/x86_64-linux-android/29 -L/Users/chaoranli/Library/Android/sdk/ndk/24.0.8215888/toolchains/llvm/prebuilt/darwin-x86_64/sysroot/usr/lib/x86_64-linux-android -L/Users/chaoranli/Library/Android/sdk/ndk/24.0.8215888/toolchains/llvm/prebuilt/darwin-x86_64/sysroot/usr/lib --build-id=sha1 --no-rosegment --fatal-warnings --no-undefined --gc-sections CMakeFiles/cmTC_da245.dir/CMakeCXXCompilerABI.cpp.o -Bstatic -lc++ -Bdynamic -lm /Users/chaoranli/Library/Android/sdk/ndk/24.0.8215888/toolchains/llvm/prebuilt/darwin-x86_64/lib64/clang/14.0.1/lib/linux/libclang_rt.builtins-x86_64-android.a -l:libunwind.a -ldl -lc /Users/chaoranli/Library/Android/sdk/ndk/24.0.8215888/toolchains/llvm/prebuilt/darwin-x86_64/lib64/clang/14.0.1/lib/linux/libclang_rt.builtins-x86_64-android.a -l:libunwind.a -ldl /Users/chaoranli/Library/Android/sdk/ndk/24.0.8215888/toolchains/llvm/prebuilt/darwin-x86_64/sysroot/usr/lib/x86_64-linux-android/29/crtend_android.o]
    arg [/Users/chaoranli/Library/Android/sdk/ndk/24.0.8215888/toolchains/llvm/prebuilt/darwin-x86_64/bin/ld] ==> ignore
    arg [--sysroot=/Users/chaoranli/Library/Android/sdk/ndk/24.0.8215888/toolchains/llvm/prebuilt/darwin-x86_64/sysroot] ==> ignore
    arg [-pie] ==> ignore
    arg [-znoexecstack] ==> ignore
    arg [--warn-shared-textrel] ==> ignore
    arg [-znow] ==> ignore
    arg [-zrelro] ==> ignore
    arg [--hash-style=gnu] ==> ignore
    arg [--enable-new-dtags] ==> ignore
    arg [--eh-frame-hdr] ==> ignore
    arg [-m] ==> ignore
    arg [elf_x86_64] ==> ignore
    arg [-dynamic-linker] ==> ignore
    arg [/system/bin/linker64] ==> ignore
    arg [-o] ==> ignore
    arg [cmTC_da245] ==> ignore
    arg [/Users/chaoranli/Library/Android/sdk/ndk/24.0.8215888/toolchains/llvm/prebuilt/darwin-x86_64/sysroot/usr/lib/x86_64-linux-android/29/crtbegin_dynamic.o] ==> ignore
    arg [-L/Users/chaoranli/Library/Android/sdk/ndk/24.0.8215888/toolchains/llvm/prebuilt/darwin-x86_64/lib64/clang/14.0.1/lib/linux/x86_64] ==> dir [/Users/chaoranli/Library/Android/sdk/ndk/24.0.8215888/toolchains/llvm/prebuilt/darwin-x86_64/lib64/clang/14.0.1/lib/linux/x86_64]
    arg [-L/Users/chaoranli/Library/Android/sdk/ndk/24.0.8215888/toolchains/llvm/prebuilt/darwin-x86_64/sysroot/usr/lib/x86_64-linux-android/29] ==> dir [/Users/chaoranli/Library/Android/sdk/ndk/24.0.8215888/toolchains/llvm/prebuilt/darwin-x86_64/sysroot/usr/lib/x86_64-linux-android/29]
    arg [-L/Users/chaoranli/Library/Android/sdk/ndk/24.0.8215888/toolchains/llvm/prebuilt/darwin-x86_64/sysroot/usr/lib/x86_64-linux-android] ==> dir [/Users/chaoranli/Library/Android/sdk/ndk/24.0.8215888/toolchains/llvm/prebuilt/darwin-x86_64/sysroot/usr/lib/x86_64-linux-android]
    arg [-L/Users/chaoranli/Library/Android/sdk/ndk/24.0.8215888/toolchains/llvm/prebuilt/darwin-x86_64/sysroot/usr/lib] ==> dir [/Users/chaoranli/Library/Android/sdk/ndk/24.0.8215888/toolchains/llvm/prebuilt/darwin-x86_64/sysroot/usr/lib]
    arg [--build-id=sha1] ==> ignore
    arg [--no-rosegment] ==> ignore
    arg [--fatal-warnings] ==> ignore
    arg [--no-undefined] ==> ignore
    arg [--gc-sections] ==> ignore
    arg [CMakeFiles/cmTC_da245.dir/CMakeCXXCompilerABI.cpp.o] ==> ignore
    arg [-Bstatic] ==> ignore
    arg [-lc++] ==> lib [c++]
    arg [-Bdynamic] ==> ignore
    arg [-lm] ==> lib [m]
    arg [/Users/chaoranli/Library/Android/sdk/ndk/24.0.8215888/toolchains/llvm/prebuilt/darwin-x86_64/lib64/clang/14.0.1/lib/linux/libclang_rt.builtins-x86_64-android.a] ==> lib [/Users/chaoranli/Library/Android/sdk/ndk/24.0.8215888/toolchains/llvm/prebuilt/darwin-x86_64/lib64/clang/14.0.1/lib/linux/libclang_rt.builtins-x86_64-android.a]
    arg [-l:libunwind.a] ==> lib [-l:libunwind.a]
    arg [-ldl] ==> lib [dl]
    arg [-lc] ==> lib [c]
    arg [/Users/chaoranli/Library/Android/sdk/ndk/24.0.8215888/toolchains/llvm/prebuilt/darwin-x86_64/lib64/clang/14.0.1/lib/linux/libclang_rt.builtins-x86_64-android.a] ==> lib [/Users/chaoranli/Library/Android/sdk/ndk/24.0.8215888/toolchains/llvm/prebuilt/darwin-x86_64/lib64/clang/14.0.1/lib/linux/libclang_rt.builtins-x86_64-android.a]
    arg [-l:libunwind.a] ==> lib [-l:libunwind.a]
    arg [-ldl] ==> lib [dl]
    arg [/Users/chaoranli/Library/Android/sdk/ndk/24.0.8215888/toolchains/llvm/prebuilt/darwin-x86_64/sysroot/usr/lib/x86_64-linux-android/29/crtend_android.o] ==> ignore
  remove lib [/Users/chaoranli/Library/Android/sdk/ndk/24.0.8215888/toolchains/llvm/prebuilt/darwin-x86_64/lib64/clang/14.0.1/lib/linux/libclang_rt.builtins-x86_64-android.a]
  remove lib [/Users/chaoranli/Library/Android/sdk/ndk/24.0.8215888/toolchains/llvm/prebuilt/darwin-x86_64/lib64/clang/14.0.1/lib/linux/libclang_rt.builtins-x86_64-android.a]
  collapse library dir [/Users/chaoranli/Library/Android/sdk/ndk/24.0.8215888/toolchains/llvm/prebuilt/darwin-x86_64/lib64/clang/14.0.1/lib/linux/x86_64] ==> [/Users/chaoranli/Library/Android/sdk/ndk/24.0.8215888/toolchains/llvm/prebuilt/darwin-x86_64/lib64/clang/14.0.1/lib/linux/x86_64]
  collapse library dir [/Users/chaoranli/Library/Android/sdk/ndk/24.0.8215888/toolchains/llvm/prebuilt/darwin-x86_64/sysroot/usr/lib/x86_64-linux-android/29] ==> [/Users/chaoranli/Library/Android/sdk/ndk/24.0.8215888/toolchains/llvm/prebuilt/darwin-x86_64/sysroot/usr/lib/x86_64-linux-android/29]
  collapse library dir [/Users/chaoranli/Library/Android/sdk/ndk/24.0.8215888/toolchains/llvm/prebuilt/darwin-x86_64/sysroot/usr/lib/x86_64-linux-android] ==> [/Users/chaoranli/Library/Android/sdk/ndk/24.0.8215888/toolchains/llvm/prebuilt/darwin-x86_64/sysroot/usr/lib/x86_64-linux-android]
  collapse library dir [/Users/chaoranli/Library/Android/sdk/ndk/24.0.8215888/toolchains/llvm/prebuilt/darwin-x86_64/sysroot/usr/lib] ==> [/Users/chaoranli/Library/Android/sdk/ndk/24.0.8215888/toolchains/llvm/prebuilt/darwin-x86_64/sysroot/usr/lib]
  implicit libs: [c++;m;-l:libunwind.a;dl;c;-l:libunwind.a;dl]
  implicit dirs: [/Users/chaoranli/Library/Android/sdk/ndk/24.0.8215888/toolchains/llvm/prebuilt/darwin-x86_64/lib64/clang/14.0.1/lib/linux/x86_64;/Users/chaoranli/Library/Android/sdk/ndk/24.0.8215888/toolchains/llvm/prebuilt/darwin-x86_64/sysroot/usr/lib/x86_64-linux-android/29;/Users/chaoranli/Library/Android/sdk/ndk/24.0.8215888/toolchains/llvm/prebuilt/darwin-x86_64/sysroot/usr/lib/x86_64-linux-android;/Users/chaoranli/Library/Android/sdk/ndk/24.0.8215888/toolchains/llvm/prebuilt/darwin-x86_64/sysroot/usr/lib]
  implicit fwks: []




Detecting CXX [-std=c++1z] compiler features compiled with the following output:
Change Dir: /Users/chaoranli/AndroidStudioProjects/fuzzer/app/.cxx/Debug/x2r4i144/x86_64/CMakeFiles/CMakeTmp

Run Build Command:"/Users/chaoranli/Library/Android/sdk/cmake/3.10.2.4988404/bin/ninja" "cmTC_c916d"
[1/2] Building CXX object CMakeFiles/cmTC_c916d.dir/feature_tests.cxx.o
[2/2] Linking CXX executable cmTC_c916d


    Feature record: CXX_FEATURE:1cxx_aggregate_default_initializers
    Feature record: CXX_FEATURE:1cxx_alias_templates
    Feature record: CXX_FEATURE:1cxx_alignas
    Feature record: CXX_FEATURE:1cxx_alignof
    Feature record: CXX_FEATURE:1cxx_attributes
    Feature record: CXX_FEATURE:1cxx_attribute_deprecated
    Feature record: CXX_FEATURE:1cxx_auto_type
    Feature record: CXX_FEATURE:1cxx_binary_literals
    Feature record: CXX_FEATURE:1cxx_constexpr
    Feature record: CXX_FEATURE:1cxx_contextual_conversions
    Feature record: CXX_FEATURE:1cxx_decltype
    Feature record: CXX_FEATURE:1cxx_decltype_auto
    Feature record: CXX_FEATURE:1cxx_decltype_incomplete_return_types
    Feature record: CXX_FEATURE:1cxx_default_function_template_args
    Feature record: CXX_FEATURE:1cxx_defaulted_functions
    Feature record: CXX_FEATURE:1cxx_defaulted_move_initializers
    Feature record: CXX_FEATURE:1cxx_delegating_constructors
    Feature record: CXX_FEATURE:1cxx_deleted_functions
    Feature record: CXX_FEATURE:1cxx_digit_separators
    Feature record: CXX_FEATURE:1cxx_enum_forward_declarations
    Feature record: CXX_FEATURE:1cxx_explicit_conversions
    Feature record: CXX_FEATURE:1cxx_extended_friend_declarations
    Feature record: CXX_FEATURE:1cxx_extern_templates
    Feature record: CXX_FEATURE:1cxx_final
    Feature record: CXX_FEATURE:1cxx_func_identifier
    Feature record: CXX_FEATURE:1cxx_generalized_initializers
    Feature record: CXX_FEATURE:1cxx_generic_lambdas
    Feature record: CXX_FEATURE:1cxx_inheriting_constructors
    Feature record: CXX_FEATURE:1cxx_inline_namespaces
    Feature record: CXX_FEATURE:1cxx_lambdas
    Feature record: CXX_FEATURE:1cxx_lambda_init_captures
    Feature record: CXX_FEATURE:1cxx_local_type_template_args
    Feature record: CXX_FEATURE:1cxx_long_long_type
    Feature record: CXX_FEATURE:1cxx_noexcept
    Feature record: CXX_FEATURE:1cxx_nonstatic_member_init
    Feature record: CXX_FEATURE:1cxx_nullptr
    Feature record: CXX_FEATURE:1cxx_override
    Feature record: CXX_FEATURE:1cxx_range_for
    Feature record: CXX_FEATURE:1cxx_raw_string_literals
    Feature record: CXX_FEATURE:1cxx_reference_qualified_functions
    Feature record: CXX_FEATURE:1cxx_relaxed_constexpr
    Feature record: CXX_FEATURE:1cxx_return_type_deduction
    Feature record: CXX_FEATURE:1cxx_right_angle_brackets
    Feature record: CXX_FEATURE:1cxx_rvalue_references
    Feature record: CXX_FEATURE:1cxx_sizeof_member
    Feature record: CXX_FEATURE:1cxx_static_assert
    Feature record: CXX_FEATURE:1cxx_strong_enums
    Feature record: CXX_FEATURE:1cxx_template_template_parameters
    Feature record: CXX_FEATURE:1cxx_thread_local
    Feature record: CXX_FEATURE:1cxx_trailing_return_types
    Feature record: CXX_FEATURE:1cxx_unicode_literals
    Feature record: CXX_FEATURE:1cxx_uniform_initialization
    Feature record: CXX_FEATURE:1cxx_unrestricted_unions
    Feature record: CXX_FEATURE:1cxx_user_literals
    Feature record: CXX_FEATURE:1cxx_variable_templates
    Feature record: CXX_FEATURE:1cxx_variadic_macros
    Feature record: CXX_FEATURE:1cxx_variadic_templates


Detecting CXX [-std=c++14] compiler features compiled with the following output:
Change Dir: /Users/chaoranli/AndroidStudioProjects/fuzzer/app/.cxx/Debug/x2r4i144/x86_64/CMakeFiles/CMakeTmp

Run Build Command:"/Users/chaoranli/Library/Android/sdk/cmake/3.10.2.4988404/bin/ninja" "cmTC_84c8a"
[1/2] Building CXX object CMakeFiles/cmTC_84c8a.dir/feature_tests.cxx.o
[2/2] Linking CXX executable cmTC_84c8a


    Feature record: CXX_FEATURE:1cxx_aggregate_default_initializers
    Feature record: CXX_FEATURE:1cxx_alias_templates
    Feature record: CXX_FEATURE:1cxx_alignas
    Feature record: CXX_FEATURE:1cxx_alignof
    Feature record: CXX_FEATURE:1cxx_attributes
    Feature record: CXX_FEATURE:1cxx_attribute_deprecated
    Feature record: CXX_FEATURE:1cxx_auto_type
    Feature record: CXX_FEATURE:1cxx_binary_literals
    Feature record: CXX_FEATURE:1cxx_constexpr
    Feature record: CXX_FEATURE:1cxx_contextual_conversions
    Feature record: CXX_FEATURE:1cxx_decltype
    Feature record: CXX_FEATURE:1cxx_decltype_auto
    Feature record: CXX_FEATURE:1cxx_decltype_incomplete_return_types
    Feature record: CXX_FEATURE:1cxx_default_function_template_args
    Feature record: CXX_FEATURE:1cxx_defaulted_functions
    Feature record: CXX_FEATURE:1cxx_defaulted_move_initializers
    Feature record: CXX_FEATURE:1cxx_delegating_constructors
    Feature record: CXX_FEATURE:1cxx_deleted_functions
    Feature record: CXX_FEATURE:1cxx_digit_separators
    Feature record: CXX_FEATURE:1cxx_enum_forward_declarations
    Feature record: CXX_FEATURE:1cxx_explicit_conversions
    Feature record: CXX_FEATURE:1cxx_extended_friend_declarations
    Feature record: CXX_FEATURE:1cxx_extern_templates
    Feature record: CXX_FEATURE:1cxx_final
    Feature record: CXX_FEATURE:1cxx_func_identifier
    Feature record: CXX_FEATURE:1cxx_generalized_initializers
    Feature record: CXX_FEATURE:1cxx_generic_lambdas
    Feature record: CXX_FEATURE:1cxx_inheriting_constructors
    Feature record: CXX_FEATURE:1cxx_inline_namespaces
    Feature record: CXX_FEATURE:1cxx_lambdas
    Feature record: CXX_FEATURE:1cxx_lambda_init_captures
    Feature record: CXX_FEATURE:1cxx_local_type_template_args
    Feature record: CXX_FEATURE:1cxx_long_long_type
    Feature record: CXX_FEATURE:1cxx_noexcept
    Feature record: CXX_FEATURE:1cxx_nonstatic_member_init
    Feature record: CXX_FEATURE:1cxx_nullptr
    Feature record: CXX_FEATURE:1cxx_override
    Feature record: CXX_FEATURE:1cxx_range_for
    Feature record: CXX_FEATURE:1cxx_raw_string_literals
    Feature record: CXX_FEATURE:1cxx_reference_qualified_functions
    Feature record: CXX_FEATURE:1cxx_relaxed_constexpr
    Feature record: CXX_FEATURE:1cxx_return_type_deduction
    Feature record: CXX_FEATURE:1cxx_right_angle_brackets
    Feature record: CXX_FEATURE:1cxx_rvalue_references
    Feature record: CXX_FEATURE:1cxx_sizeof_member
    Feature record: CXX_FEATURE:1cxx_static_assert
    Feature record: CXX_FEATURE:1cxx_strong_enums
    Feature record: CXX_FEATURE:1cxx_template_template_parameters
    Feature record: CXX_FEATURE:1cxx_thread_local
    Feature record: CXX_FEATURE:1cxx_trailing_return_types
    Feature record: CXX_FEATURE:1cxx_unicode_literals
    Feature record: CXX_FEATURE:1cxx_uniform_initialization
    Feature record: CXX_FEATURE:1cxx_unrestricted_unions
    Feature record: CXX_FEATURE:1cxx_user_literals
    Feature record: CXX_FEATURE:1cxx_variable_templates
    Feature record: CXX_FEATURE:1cxx_variadic_macros
    Feature record: CXX_FEATURE:1cxx_variadic_templates


Detecting CXX [-std=c++11] compiler features compiled with the following output:
Change Dir: /Users/chaoranli/AndroidStudioProjects/fuzzer/app/.cxx/Debug/x2r4i144/x86_64/CMakeFiles/CMakeTmp

Run Build Command:"/Users/chaoranli/Library/Android/sdk/cmake/3.10.2.4988404/bin/ninja" "cmTC_c8c47"
[1/2] Building CXX object CMakeFiles/cmTC_c8c47.dir/feature_tests.cxx.o
[2/2] Linking CXX executable cmTC_c8c47


    Feature record: CXX_FEATURE:0cxx_aggregate_default_initializers
    Feature record: CXX_FEATURE:1cxx_alias_templates
    Feature record: CXX_FEATURE:1cxx_alignas
    Feature record: CXX_FEATURE:1cxx_alignof
    Feature record: CXX_FEATURE:1cxx_attributes
    Feature record: CXX_FEATURE:0cxx_attribute_deprecated
    Feature record: CXX_FEATURE:1cxx_auto_type
    Feature record: CXX_FEATURE:0cxx_binary_literals
    Feature record: CXX_FEATURE:1cxx_constexpr
    Feature record: CXX_FEATURE:0cxx_contextual_conversions
    Feature record: CXX_FEATURE:1cxx_decltype
    Feature record: CXX_FEATURE:0cxx_decltype_auto
    Feature record: CXX_FEATURE:1cxx_decltype_incomplete_return_types
    Feature record: CXX_FEATURE:1cxx_default_function_template_args
    Feature record: CXX_FEATURE:1cxx_defaulted_functions
    Feature record: CXX_FEATURE:1cxx_defaulted_move_initializers
    Feature record: CXX_FEATURE:1cxx_delegating_constructors
    Feature record: CXX_FEATURE:1cxx_deleted_functions
    Feature record: CXX_FEATURE:0cxx_digit_separators
    Feature record: CXX_FEATURE:1cxx_enum_forward_declarations
    Feature record: CXX_FEATURE:1cxx_explicit_conversions
    Feature record: CXX_FEATURE:1cxx_extended_friend_declarations
    Feature record: CXX_FEATURE:1cxx_extern_templates
    Feature record: CXX_FEATURE:1cxx_final
    Feature record: CXX_FEATURE:1cxx_func_identifier
    Feature record: CXX_FEATURE:1cxx_generalized_initializers
    Feature record: CXX_FEATURE:0cxx_generic_lambdas
    Feature record: CXX_FEATURE:1cxx_inheriting_constructors
    Feature record: CXX_FEATURE:1cxx_inline_namespaces
    Feature record: CXX_FEATURE:1cxx_lambdas
    Feature record: CXX_FEATURE:0cxx_lambda_init_captures
    Feature record: CXX_FEATURE:1cxx_local_type_template_args
    Feature record: CXX_FEATURE:1cxx_long_long_type
    Feature record: CXX_FEATURE:1cxx_noexcept
    Feature record: CXX_FEATURE:1cxx_nonstatic_member_init
    Feature record: CXX_FEATURE:1cxx_nullptr
    Feature record: CXX_FEATURE:1cxx_override
    Feature record: CXX_FEATURE:1cxx_range_for
    Feature record: CXX_FEATURE:1cxx_raw_string_literals
    Feature record: CXX_FEATURE:1cxx_reference_qualified_functions
    Feature record: CXX_FEATURE:0cxx_relaxed_constexpr
    Feature record: CXX_FEATURE:0cxx_return_type_deduction
    Feature record: CXX_FEATURE:1cxx_right_angle_brackets
    Feature record: CXX_FEATURE:1cxx_rvalue_references
    Feature record: CXX_FEATURE:1cxx_sizeof_member
    Feature record: CXX_FEATURE:1cxx_static_assert
    Feature record: CXX_FEATURE:1cxx_strong_enums
    Feature record: CXX_FEATURE:1cxx_template_template_parameters
    Feature record: CXX_FEATURE:1cxx_thread_local
    Feature record: CXX_FEATURE:1cxx_trailing_return_types
    Feature record: CXX_FEATURE:1cxx_unicode_literals
    Feature record: CXX_FEATURE:1cxx_uniform_initialization
    Feature record: CXX_FEATURE:1cxx_unrestricted_unions
    Feature record: CXX_FEATURE:1cxx_user_literals
    Feature record: CXX_FEATURE:0cxx_variable_templates
    Feature record: CXX_FEATURE:1cxx_variadic_macros
    Feature record: CXX_FEATURE:1cxx_variadic_templates


Detecting CXX [-std=c++98] compiler features compiled with the following output:
Change Dir: /Users/chaoranli/AndroidStudioProjects/fuzzer/app/.cxx/Debug/x2r4i144/x86_64/CMakeFiles/CMakeTmp

Run Build Command:"/Users/chaoranli/Library/Android/sdk/cmake/3.10.2.4988404/bin/ninja" "cmTC_0a2a1"
[1/2] Building CXX object CMakeFiles/cmTC_0a2a1.dir/feature_tests.cxx.o
[2/2] Linking CXX executable cmTC_0a2a1


    Feature record: CXX_FEATURE:0cxx_aggregate_default_initializers
    Feature record: CXX_FEATURE:0cxx_alias_templates
    Feature record: CXX_FEATURE:0cxx_alignas
    Feature record: CXX_FEATURE:0cxx_alignof
    Feature record: CXX_FEATURE:0cxx_attributes
    Feature record: CXX_FEATURE:0cxx_attribute_deprecated
    Feature record: CXX_FEATURE:0cxx_auto_type
    Feature record: CXX_FEATURE:0cxx_binary_literals
    Feature record: CXX_FEATURE:0cxx_constexpr
    Feature record: CXX_FEATURE:0cxx_contextual_conversions
    Feature record: CXX_FEATURE:0cxx_decltype
    Feature record: CXX_FEATURE:0cxx_decltype_auto
    Feature record: CXX_FEATURE:0cxx_decltype_incomplete_return_types
    Feature record: CXX_FEATURE:0cxx_default_function_template_args
    Feature record: CXX_FEATURE:0cxx_defaulted_functions
    Feature record: CXX_FEATURE:0cxx_defaulted_move_initializers
    Feature record: CXX_FEATURE:0cxx_delegating_constructors
    Feature record: CXX_FEATURE:0cxx_deleted_functions
    Feature record: CXX_FEATURE:0cxx_digit_separators
    Feature record: CXX_FEATURE:0cxx_enum_forward_declarations
    Feature record: CXX_FEATURE:0cxx_explicit_conversions
    Feature record: CXX_FEATURE:0cxx_extended_friend_declarations
    Feature record: CXX_FEATURE:0cxx_extern_templates
    Feature record: CXX_FEATURE:0cxx_final
    Feature record: CXX_FEATURE:0cxx_func_identifier
    Feature record: CXX_FEATURE:0cxx_generalized_initializers
    Feature record: CXX_FEATURE:0cxx_generic_lambdas
    Feature record: CXX_FEATURE:0cxx_inheriting_constructors
    Feature record: CXX_FEATURE:0cxx_inline_namespaces
    Feature record: CXX_FEATURE:0cxx_lambdas
    Feature record: CXX_FEATURE:0cxx_lambda_init_captures
    Feature record: CXX_FEATURE:0cxx_local_type_template_args
    Feature record: CXX_FEATURE:0cxx_long_long_type
    Feature record: CXX_FEATURE:0cxx_noexcept
    Feature record: CXX_FEATURE:0cxx_nonstatic_member_init
    Feature record: CXX_FEATURE:0cxx_nullptr
    Feature record: CXX_FEATURE:0cxx_override
    Feature record: CXX_FEATURE:0cxx_range_for
    Feature record: CXX_FEATURE:0cxx_raw_string_literals
    Feature record: CXX_FEATURE:0cxx_reference_qualified_functions
    Feature record: CXX_FEATURE:0cxx_relaxed_constexpr
    Feature record: CXX_FEATURE:0cxx_return_type_deduction
    Feature record: CXX_FEATURE:0cxx_right_angle_brackets
    Feature record: CXX_FEATURE:0cxx_rvalue_references
    Feature record: CXX_FEATURE:0cxx_sizeof_member
    Feature record: CXX_FEATURE:0cxx_static_assert
    Feature record: CXX_FEATURE:0cxx_strong_enums
    Feature record: CXX_FEATURE:1cxx_template_template_parameters
    Feature record: CXX_FEATURE:0cxx_thread_local
    Feature record: CXX_FEATURE:0cxx_trailing_return_types
    Feature record: CXX_FEATURE:0cxx_unicode_literals
    Feature record: CXX_FEATURE:0cxx_uniform_initialization
    Feature record: CXX_FEATURE:0cxx_unrestricted_unions
    Feature record: CXX_FEATURE:0cxx_user_literals
    Feature record: CXX_FEATURE:0cxx_variable_templates
    Feature record: CXX_FEATURE:0cxx_variadic_macros
    Feature record: CXX_FEATURE:0cxx_variadic_templates
